CRITICAL - 2022-05-03 00:00:34 --> Call to undefined method CodeIgniter\Database\MySQLi\Builder::getRow()
#0 C:\xampp\htdocs\facultyEval\system\CodeIgniter.php(832): App\Controllers\Home->student()
#1 C:\xampp\htdocs\facultyEval\system\CodeIgniter.php(419): CodeIgniter\CodeIgniter->runController(Object(App\Controllers\Home))
#2 C:\xampp\htdocs\facultyEval\system\CodeIgniter.php(326): CodeIgniter\CodeIgniter->handleRequest(NULL, Object(Config\Cache), false)
#3 C:\xampp\htdocs\facultyEval\public\index.php(37): CodeIgniter\CodeIgniter->run()
#4 {main}
CRITICAL - 2022-05-03 00:01:51 --> Undefined property: App\Controllers\Home::$db
#0 C:\xampp\htdocs\facultyEval\app\Controllers\Home.php(106): CodeIgniter\Debug\Exceptions->errorHandler(8, 'Undefined prope...', 'C:\\xampp\\htdocs...', 106, Array)
#1 C:\xampp\htdocs\facultyEval\system\CodeIgniter.php(832): App\Controllers\Home->student()
#2 C:\xampp\htdocs\facultyEval\system\CodeIgniter.php(419): CodeIgniter\CodeIgniter->runController(Object(App\Controllers\Home))
#3 C:\xampp\htdocs\facultyEval\system\CodeIgniter.php(326): CodeIgniter\CodeIgniter->handleRequest(NULL, Object(Config\Cache), false)
#4 C:\xampp\htdocs\facultyEval\public\index.php(37): CodeIgniter\CodeIgniter->run()
#5 {main}
CRITICAL - 2022-05-03 00:07:09 --> Undefined variable: builderq
#0 C:\xampp\htdocs\facultyEval\app\Controllers\Home.php(107): CodeIgniter\Debug\Exceptions->errorHandler(8, 'Undefined varia...', 'C:\\xampp\\htdocs...', 107, Array)
#1 C:\xampp\htdocs\facultyEval\system\CodeIgniter.php(832): App\Controllers\Home->student()
#2 C:\xampp\htdocs\facultyEval\system\CodeIgniter.php(419): CodeIgniter\CodeIgniter->runController(Object(App\Controllers\Home))
#3 C:\xampp\htdocs\facultyEval\system\CodeIgniter.php(326): CodeIgniter\CodeIgniter->handleRequest(NULL, Object(Config\Cache), false)
#4 C:\xampp\htdocs\facultyEval\public\index.php(37): CodeIgniter\CodeIgniter->run()
#5 {main}
ERROR - 2022-05-03 00:10:29 --> You have an error in your SQL syntax; check the manual that corresponds to your MariaDB server version for the right syntax to use near '* IS NULL' at line 3
CRITICAL - 2022-05-03 00:10:29 --> You have an error in your SQL syntax; check the manual that corresponds to your MariaDB server version for the right syntax to use near '* IS NULL' at line 3
#0 C:\xampp\htdocs\facultyEval\system\Database\MySQLi\Connection.php(292): mysqli->query('SELECT `email`\n...', 0)
#1 C:\xampp\htdocs\facultyEval\system\Database\BaseConnection.php(670): CodeIgniter\Database\MySQLi\Connection->execute('SELECT `email`\n...')
#2 C:\xampp\htdocs\facultyEval\system\Database\BaseConnection.php(598): CodeIgniter\Database\BaseConnection->simpleQuery('SELECT `email`\n...')
#3 C:\xampp\htdocs\facultyEval\system\Database\BaseBuilder.php(1455): CodeIgniter\Database\BaseConnection->query('SELECT `email`\n...', Array, false)
#4 C:\xampp\htdocs\facultyEval\app\Controllers\Home.php(109): CodeIgniter\Database\BaseBuilder->get()
#5 C:\xampp\htdocs\facultyEval\system\CodeIgniter.php(832): App\Controllers\Home->student()
#6 C:\xampp\htdocs\facultyEval\system\CodeIgniter.php(419): CodeIgniter\CodeIgniter->runController(Object(App\Controllers\Home))
#7 C:\xampp\htdocs\facultyEval\system\CodeIgniter.php(326): CodeIgniter\CodeIgniter->handleRequest(NULL, Object(Config\Cache), false)
#8 C:\xampp\htdocs\facultyEval\public\index.php(37): CodeIgniter\CodeIgniter->run()
#9 {main}
CRITICAL - 2022-05-03 00:12:32 --> Call to undefined method CodeIgniter\Database\MySQLi\Builder::findAll()
#0 C:\xampp\htdocs\facultyEval\system\CodeIgniter.php(832): App\Controllers\Home->student()
#1 C:\xampp\htdocs\facultyEval\system\CodeIgniter.php(419): CodeIgniter\CodeIgniter->runController(Object(App\Controllers\Home))
#2 C:\xampp\htdocs\facultyEval\system\CodeIgniter.php(326): CodeIgniter\CodeIgniter->handleRequest(NULL, Object(Config\Cache), false)
#3 C:\xampp\htdocs\facultyEval\public\index.php(37): CodeIgniter\CodeIgniter->run()
#4 {main}
CRITICAL - 2022-05-03 00:58:33 --> Undefined variable: s
#0 C:\xampp\htdocs\facultyEval\app\Controllers\Home.php(108): CodeIgniter\Debug\Exceptions->errorHandler(8, 'Undefined varia...', 'C:\\xampp\\htdocs...', 108, Array)
#1 C:\xampp\htdocs\facultyEval\system\CodeIgniter.php(832): App\Controllers\Home->student()
#2 C:\xampp\htdocs\facultyEval\system\CodeIgniter.php(419): CodeIgniter\CodeIgniter->runController(Object(App\Controllers\Home))
#3 C:\xampp\htdocs\facultyEval\system\CodeIgniter.php(326): CodeIgniter\CodeIgniter->handleRequest(NULL, Object(Config\Cache), false)
#4 C:\xampp\htdocs\facultyEval\public\index.php(37): CodeIgniter\CodeIgniter->run()
#5 {main}
CRITICAL - 2022-05-03 00:58:49 --> Undefined variable: s
#0 C:\xampp\htdocs\facultyEval\app\Controllers\Home.php(110): CodeIgniter\Debug\Exceptions->errorHandler(8, 'Undefined varia...', 'C:\\xampp\\htdocs...', 110, Array)
#1 C:\xampp\htdocs\facultyEval\system\CodeIgniter.php(832): App\Controllers\Home->student()
#2 C:\xampp\htdocs\facultyEval\system\CodeIgniter.php(419): CodeIgniter\CodeIgniter->runController(Object(App\Controllers\Home))
#3 C:\xampp\htdocs\facultyEval\system\CodeIgniter.php(326): CodeIgniter\CodeIgniter->handleRequest(NULL, Object(Config\Cache), false)
#4 C:\xampp\htdocs\facultyEval\public\index.php(37): CodeIgniter\CodeIgniter->run()
#5 {main}
CRITICAL - 2022-05-03 01:03:17 --> Argument 1 passed to CodeIgniter\Database\BaseBuilder::orderBy() must be of the type string, null given, called in C:\xampp\htdocs\facultyEval\app\Controllers\Home.php on line 106
#0 C:\xampp\htdocs\facultyEval\app\Controllers\Home.php(106): CodeIgniter\Database\BaseBuilder->orderBy(NULL)
#1 C:\xampp\htdocs\facultyEval\system\CodeIgniter.php(832): App\Controllers\Home->student()
#2 C:\xampp\htdocs\facultyEval\system\CodeIgniter.php(419): CodeIgniter\CodeIgniter->runController(Object(App\Controllers\Home))
#3 C:\xampp\htdocs\facultyEval\system\CodeIgniter.php(326): CodeIgniter\CodeIgniter->handleRequest(NULL, Object(Config\Cache), false)
#4 C:\xampp\htdocs\facultyEval\public\index.php(37): CodeIgniter\CodeIgniter->run()
#5 {main}
CRITICAL - 2022-05-03 01:03:32 --> Argument 1 passed to CodeIgniter\Database\BaseBuilder::orderBy() must be of the type string, null given, called in C:\xampp\htdocs\facultyEval\app\Controllers\Home.php on line 106
#0 C:\xampp\htdocs\facultyEval\app\Controllers\Home.php(106): CodeIgniter\Database\BaseBuilder->orderBy(NULL, 'ASC')
#1 C:\xampp\htdocs\facultyEval\system\CodeIgniter.php(832): App\Controllers\Home->student()
#2 C:\xampp\htdocs\facultyEval\system\CodeIgniter.php(419): CodeIgniter\CodeIgniter->runController(Object(App\Controllers\Home))
#3 C:\xampp\htdocs\facultyEval\system\CodeIgniter.php(326): CodeIgniter\CodeIgniter->handleRequest(NULL, Object(Config\Cache), false)
#4 C:\xampp\htdocs\facultyEval\public\index.php(37): CodeIgniter\CodeIgniter->run()
#5 {main}
CRITICAL - 2022-05-03 01:03:33 --> Argument 1 passed to CodeIgniter\Database\BaseBuilder::orderBy() must be of the type string, null given, called in C:\xampp\htdocs\facultyEval\app\Controllers\Home.php on line 106
#0 C:\xampp\htdocs\facultyEval\app\Controllers\Home.php(106): CodeIgniter\Database\BaseBuilder->orderBy(NULL, 'ASC')
#1 C:\xampp\htdocs\facultyEval\system\CodeIgniter.php(832): App\Controllers\Home->student()
#2 C:\xampp\htdocs\facultyEval\system\CodeIgniter.php(419): CodeIgniter\CodeIgniter->runController(Object(App\Controllers\Home))
#3 C:\xampp\htdocs\facultyEval\system\CodeIgniter.php(326): CodeIgniter\CodeIgniter->handleRequest(NULL, Object(Config\Cache), false)
#4 C:\xampp\htdocs\facultyEval\public\index.php(37): CodeIgniter\CodeIgniter->run()
#5 {main}
ERROR - 2022-05-03 01:07:32 --> Unknown column 'RANDOM' in 'order clause'
CRITICAL - 2022-05-03 01:07:32 --> Unknown column 'RANDOM' in 'order clause'
#0 C:\xampp\htdocs\facultyEval\system\Database\MySQLi\Connection.php(292): mysqli->query('SELECT *\nFROM `...', 0)
#1 C:\xampp\htdocs\facultyEval\system\Database\BaseConnection.php(670): CodeIgniter\Database\MySQLi\Connection->execute('SELECT *\nFROM `...')
#2 C:\xampp\htdocs\facultyEval\system\Database\BaseConnection.php(598): CodeIgniter\Database\BaseConnection->simpleQuery('SELECT *\nFROM `...')
#3 C:\xampp\htdocs\facultyEval\system\Database\BaseBuilder.php(1455): CodeIgniter\Database\BaseConnection->query('SELECT *\nFROM `...', Array, false)
#4 C:\xampp\htdocs\facultyEval\app\Controllers\Home.php(107): CodeIgniter\Database\BaseBuilder->get()
#5 C:\xampp\htdocs\facultyEval\system\CodeIgniter.php(832): App\Controllers\Home->student()
#6 C:\xampp\htdocs\facultyEval\system\CodeIgniter.php(419): CodeIgniter\CodeIgniter->runController(Object(App\Controllers\Home))
#7 C:\xampp\htdocs\facultyEval\system\CodeIgniter.php(326): CodeIgniter\CodeIgniter->handleRequest(NULL, Object(Config\Cache), false)
#8 C:\xampp\htdocs\facultyEval\public\index.php(37): CodeIgniter\CodeIgniter->run()
#9 {main}
CRITICAL - 2022-05-03 01:15:08 --> Call to undefined method CodeIgniter\Database\MySQLi\Connection::orderBy()
#0 C:\xampp\htdocs\facultyEval\system\CodeIgniter.php(832): App\Controllers\Home->student()
#1 C:\xampp\htdocs\facultyEval\system\CodeIgniter.php(419): CodeIgniter\CodeIgniter->runController(Object(App\Controllers\Home))
#2 C:\xampp\htdocs\facultyEval\system\CodeIgniter.php(326): CodeIgniter\CodeIgniter->handleRequest(NULL, Object(Config\Cache), false)
#3 C:\xampp\htdocs\facultyEval\public\index.php(37): CodeIgniter\CodeIgniter->run()
#4 {main}
CRITICAL - 2022-05-03 01:15:12 --> Call to undefined method CodeIgniter\Database\MySQLi\Connection::orderBy()
#0 C:\xampp\htdocs\facultyEval\system\CodeIgniter.php(832): App\Controllers\Home->student()
#1 C:\xampp\htdocs\facultyEval\system\CodeIgniter.php(419): CodeIgniter\CodeIgniter->runController(Object(App\Controllers\Home))
#2 C:\xampp\htdocs\facultyEval\system\CodeIgniter.php(326): CodeIgniter\CodeIgniter->handleRequest(NULL, Object(Config\Cache), false)
#3 C:\xampp\htdocs\facultyEval\public\index.php(37): CodeIgniter\CodeIgniter->run()
#4 {main}
ERROR - 2022-05-03 01:32:21 --> Unknown column 'SELECT email FROM' in 'field list'
CRITICAL - 2022-05-03 01:32:21 --> Unknown column 'SELECT email FROM' in 'field list'
#0 C:\xampp\htdocs\facultyEval\system\Database\MySQLi\Connection.php(292): mysqli->query('SELECT `SELECT ...', 0)
#1 C:\xampp\htdocs\facultyEval\system\Database\BaseConnection.php(670): CodeIgniter\Database\MySQLi\Connection->execute('SELECT `SELECT ...')
#2 C:\xampp\htdocs\facultyEval\system\Database\BaseConnection.php(598): CodeIgniter\Database\BaseConnection->simpleQuery('SELECT `SELECT ...')
#3 C:\xampp\htdocs\facultyEval\system\Database\BaseBuilder.php(1455): CodeIgniter\Database\BaseConnection->query('SELECT `SELECT ...', Array, false)
#4 C:\xampp\htdocs\facultyEval\app\Controllers\Home.php(108): CodeIgniter\Database\BaseBuilder->get()
#5 C:\xampp\htdocs\facultyEval\system\CodeIgniter.php(832): App\Controllers\Home->student()
#6 C:\xampp\htdocs\facultyEval\system\CodeIgniter.php(419): CodeIgniter\CodeIgniter->runController(Object(App\Controllers\Home))
#7 C:\xampp\htdocs\facultyEval\system\CodeIgniter.php(326): CodeIgniter\CodeIgniter->handleRequest(NULL, Object(Config\Cache), false)
#8 C:\xampp\htdocs\facultyEval\public\index.php(37): CodeIgniter\CodeIgniter->run()
#9 {main}
CRITICAL - 2022-05-03 01:38:06 --> Undefined variable: student
#0 C:\xampp\htdocs\facultyEval\app\Controllers\Home.php(111): CodeIgniter\Debug\Exceptions->errorHandler(8, 'Undefined varia...', 'C:\\xampp\\htdocs...', 111, Array)
#1 C:\xampp\htdocs\facultyEval\system\CodeIgniter.php(832): App\Controllers\Home->student()
#2 C:\xampp\htdocs\facultyEval\system\CodeIgniter.php(419): CodeIgniter\CodeIgniter->runController(Object(App\Controllers\Home))
#3 C:\xampp\htdocs\facultyEval\system\CodeIgniter.php(326): CodeIgniter\CodeIgniter->handleRequest(NULL, Object(Config\Cache), false)
#4 C:\xampp\htdocs\facultyEval\public\index.php(37): CodeIgniter\CodeIgniter->run()
#5 {main}
CRITICAL - 2022-05-03 01:38:11 --> Undefined index: email
#0 C:\xampp\htdocs\facultyEval\app\Controllers\Home.php(111): CodeIgniter\Debug\Exceptions->errorHandler(8, 'Undefined index...', 'C:\\xampp\\htdocs...', 111, Array)
#1 C:\xampp\htdocs\facultyEval\system\CodeIgniter.php(832): App\Controllers\Home->student()
#2 C:\xampp\htdocs\facultyEval\system\CodeIgniter.php(419): CodeIgniter\CodeIgniter->runController(Object(App\Controllers\Home))
#3 C:\xampp\htdocs\facultyEval\system\CodeIgniter.php(326): CodeIgniter\CodeIgniter->handleRequest(NULL, Object(Config\Cache), false)
#4 C:\xampp\htdocs\facultyEval\public\index.php(37): CodeIgniter\CodeIgniter->run()
#5 {main}
CRITICAL - 2022-05-03 18:54:32 --> Undefined index: email
#0 C:\xampp\htdocs\facultyEval\app\Controllers\Home.php(111): CodeIgniter\Debug\Exceptions->errorHandler(8, 'Undefined index...', 'C:\\xampp\\htdocs...', 111, Array)
#1 C:\xampp\htdocs\facultyEval\system\CodeIgniter.php(832): App\Controllers\Home->student()
#2 C:\xampp\htdocs\facultyEval\system\CodeIgniter.php(419): CodeIgniter\CodeIgniter->runController(Object(App\Controllers\Home))
#3 C:\xampp\htdocs\facultyEval\system\CodeIgniter.php(326): CodeIgniter\CodeIgniter->handleRequest(NULL, Object(Config\Cache), false)
#4 C:\xampp\htdocs\facultyEval\public\index.php(37): CodeIgniter\CodeIgniter->run()
#5 {main}
CRITICAL - 2022-05-03 18:56:54 --> Call to undefined method CodeIgniter\Database\MySQLi\Connection::get()
#0 C:\xampp\htdocs\facultyEval\system\CodeIgniter.php(832): App\Controllers\Home->student()
#1 C:\xampp\htdocs\facultyEval\system\CodeIgniter.php(419): CodeIgniter\CodeIgniter->runController(Object(App\Controllers\Home))
#2 C:\xampp\htdocs\facultyEval\system\CodeIgniter.php(326): CodeIgniter\CodeIgniter->handleRequest(NULL, Object(Config\Cache), false)
#3 C:\xampp\htdocs\facultyEval\public\index.php(37): CodeIgniter\CodeIgniter->run()
#4 {main}
CRITICAL - 2022-05-03 18:57:07 --> syntax error, unexpected ''email'' (T_CONSTANT_ENCAPSED_STRING), expecting identifier (T_STRING) or variable (T_VARIABLE) or '{' or '$'
#0 C:\xampp\htdocs\facultyEval\system\Router\Router.php(175): CodeIgniter\Router\Router->autoRoute('Home/student')
#1 C:\xampp\htdocs\facultyEval\system\CodeIgniter.php(726): CodeIgniter\Router\Router->handle('Home/student')
#2 C:\xampp\htdocs\facultyEval\system\CodeIgniter.php(368): CodeIgniter\CodeIgniter->tryToRouteIt(Object(CodeIgniter\Router\RouteCollection))
#3 C:\xampp\htdocs\facultyEval\system\CodeIgniter.php(326): CodeIgniter\CodeIgniter->handleRequest(NULL, Object(Config\Cache), false)
#4 C:\xampp\htdocs\facultyEval\public\index.php(37): CodeIgniter\CodeIgniter->run()
#5 {main}
CRITICAL - 2022-05-03 18:57:12 --> Call to undefined method CodeIgniter\Database\MySQLi\Connection::get()
#0 C:\xampp\htdocs\facultyEval\system\CodeIgniter.php(832): App\Controllers\Home->student()
#1 C:\xampp\htdocs\facultyEval\system\CodeIgniter.php(419): CodeIgniter\CodeIgniter->runController(Object(App\Controllers\Home))
#2 C:\xampp\htdocs\facultyEval\system\CodeIgniter.php(326): CodeIgniter\CodeIgniter->handleRequest(NULL, Object(Config\Cache), false)
#3 C:\xampp\htdocs\facultyEval\public\index.php(37): CodeIgniter\CodeIgniter->run()
#4 {main}
CRITICAL - 2022-05-03 18:57:20 --> Call to undefined method CodeIgniter\Database\MySQLi\Connection::getResult()
#0 C:\xampp\htdocs\facultyEval\system\CodeIgniter.php(832): App\Controllers\Home->student()
#1 C:\xampp\htdocs\facultyEval\system\CodeIgniter.php(419): CodeIgniter\CodeIgniter->runController(Object(App\Controllers\Home))
#2 C:\xampp\htdocs\facultyEval\system\CodeIgniter.php(326): CodeIgniter\CodeIgniter->handleRequest(NULL, Object(Config\Cache), false)
#3 C:\xampp\htdocs\facultyEval\public\index.php(37): CodeIgniter\CodeIgniter->run()
#4 {main}
CRITICAL - 2022-05-03 19:13:55 --> Undefined variable: email
#0 C:\xampp\htdocs\facultyEval\app\Views\student-list.php(116): CodeIgniter\Debug\Exceptions->errorHandler(8, 'Undefined varia...', 'C:\\xampp\\htdocs...', 116, Array)
#1 C:\xampp\htdocs\facultyEval\system\View\View.php(210): include('C:\\xampp\\htdocs...')
#2 C:\xampp\htdocs\facultyEval\system\View\View.php(213): CodeIgniter\View\View->CodeIgniter\View\{closure}()
#3 C:\xampp\htdocs\facultyEval\system\Common.php(1089): CodeIgniter\View\View->render('student-list', Array, true)
#4 C:\xampp\htdocs\facultyEval\app\Controllers\Home.php(113): view('student-list', Array)
#5 C:\xampp\htdocs\facultyEval\system\CodeIgniter.php(832): App\Controllers\Home->student()
#6 C:\xampp\htdocs\facultyEval\system\CodeIgniter.php(419): CodeIgniter\CodeIgniter->runController(Object(App\Controllers\Home))
#7 C:\xampp\htdocs\facultyEval\system\CodeIgniter.php(326): CodeIgniter\CodeIgniter->handleRequest(NULL, Object(Config\Cache), false)
#8 C:\xampp\htdocs\facultyEval\public\index.php(37): CodeIgniter\CodeIgniter->run()
#9 {main}
CRITICAL - 2022-05-03 19:37:52 --> Undefined variable: student
#0 C:\xampp\htdocs\facultyEval\app\Views\student-list.php(142): CodeIgniter\Debug\Exceptions->errorHandler(8, 'Undefined varia...', 'C:\\xampp\\htdocs...', 142, Array)
#1 C:\xampp\htdocs\facultyEval\app\Views\student-list.php(138): func()
#2 C:\xampp\htdocs\facultyEval\system\View\View.php(210): include('C:\\xampp\\htdocs...')
#3 C:\xampp\htdocs\facultyEval\system\View\View.php(213): CodeIgniter\View\View->CodeIgniter\View\{closure}()
#4 C:\xampp\htdocs\facultyEval\system\Common.php(1089): CodeIgniter\View\View->render('student-list', Array, true)
#5 C:\xampp\htdocs\facultyEval\app\Controllers\Home.php(113): view('student-list', Array)
#6 C:\xampp\htdocs\facultyEval\system\CodeIgniter.php(832): App\Controllers\Home->student()
#7 C:\xampp\htdocs\facultyEval\system\CodeIgniter.php(419): CodeIgniter\CodeIgniter->runController(Object(App\Controllers\Home))
#8 C:\xampp\htdocs\facultyEval\system\CodeIgniter.php(326): CodeIgniter\CodeIgniter->handleRequest(NULL, Object(Config\Cache), false)
#9 C:\xampp\htdocs\facultyEval\public\index.php(37): CodeIgniter\CodeIgniter->run()
#10 {main}
CRITICAL - 2022-05-03 19:45:47 --> Undefined variable: student
#0 C:\xampp\htdocs\facultyEval\app\Views\student-list.php(135): CodeIgniter\Debug\Exceptions->errorHandler(8, 'Undefined varia...', 'C:\\xampp\\htdocs...', 135, Array)
#1 C:\xampp\htdocs\facultyEval\app\Views\student-list.php(131): button1()
#2 C:\xampp\htdocs\facultyEval\system\View\View.php(210): include('C:\\xampp\\htdocs...')
#3 C:\xampp\htdocs\facultyEval\system\View\View.php(213): CodeIgniter\View\View->CodeIgniter\View\{closure}()
#4 C:\xampp\htdocs\facultyEval\system\Common.php(1089): CodeIgniter\View\View->render('student-list', Array, true)
#5 C:\xampp\htdocs\facultyEval\app\Controllers\Home.php(113): view('student-list', Array)
#6 C:\xampp\htdocs\facultyEval\system\CodeIgniter.php(832): App\Controllers\Home->student()
#7 C:\xampp\htdocs\facultyEval\system\CodeIgniter.php(419): CodeIgniter\CodeIgniter->runController(Object(App\Controllers\Home))
#8 C:\xampp\htdocs\facultyEval\system\CodeIgniter.php(326): CodeIgniter\CodeIgniter->handleRequest(NULL, Object(Config\Cache), false)
#9 C:\xampp\htdocs\facultyEval\public\index.php(37): CodeIgniter\CodeIgniter->run()
#10 {main}
CRITICAL - 2022-05-03 19:46:08 --> Call to undefined function button1()
#0 C:\xampp\htdocs\facultyEval\system\View\View.php(210): include()
#1 C:\xampp\htdocs\facultyEval\system\View\View.php(213): CodeIgniter\View\View->CodeIgniter\View\{closure}()
#2 C:\xampp\htdocs\facultyEval\system\Common.php(1089): CodeIgniter\View\View->render('student-list', Array, true)
#3 C:\xampp\htdocs\facultyEval\app\Controllers\Home.php(113): view('student-list', Array)
#4 C:\xampp\htdocs\facultyEval\system\CodeIgniter.php(832): App\Controllers\Home->student()
#5 C:\xampp\htdocs\facultyEval\system\CodeIgniter.php(419): CodeIgniter\CodeIgniter->runController(Object(App\Controllers\Home))
#6 C:\xampp\htdocs\facultyEval\system\CodeIgniter.php(326): CodeIgniter\CodeIgniter->handleRequest(NULL, Object(Config\Cache), false)
#7 C:\xampp\htdocs\facultyEval\public\index.php(37): CodeIgniter\CodeIgniter->run()
#8 {main}
CRITICAL - 2022-05-03 19:46:11 --> Cannot redeclare button1() (previously declared in C:\xampp\htdocs\facultyEval\app\Views\student-list.php:136)
#0 [internal function]: CodeIgniter\Debug\Exceptions->shutdownHandler()
#1 {main}
CRITICAL - 2022-05-03 19:46:20 --> Undefined variable: student
#0 C:\xampp\htdocs\facultyEval\app\Views\student-list.php(135): CodeIgniter\Debug\Exceptions->errorHandler(8, 'Undefined varia...', 'C:\\xampp\\htdocs...', 135, Array)
#1 C:\xampp\htdocs\facultyEval\app\Views\student-list.php(131): button1()
#2 C:\xampp\htdocs\facultyEval\system\View\View.php(210): include('C:\\xampp\\htdocs...')
#3 C:\xampp\htdocs\facultyEval\system\View\View.php(213): CodeIgniter\View\View->CodeIgniter\View\{closure}()
#4 C:\xampp\htdocs\facultyEval\system\Common.php(1089): CodeIgniter\View\View->render('student-list', Array, true)
#5 C:\xampp\htdocs\facultyEval\app\Controllers\Home.php(113): view('student-list', Array)
#6 C:\xampp\htdocs\facultyEval\system\CodeIgniter.php(832): App\Controllers\Home->student()
#7 C:\xampp\htdocs\facultyEval\system\CodeIgniter.php(419): CodeIgniter\CodeIgniter->runController(Object(App\Controllers\Home))
#8 C:\xampp\htdocs\facultyEval\system\CodeIgniter.php(326): CodeIgniter\CodeIgniter->handleRequest(NULL, Object(Config\Cache), false)
#9 C:\xampp\htdocs\facultyEval\public\index.php(37): CodeIgniter\CodeIgniter->run()
#10 {main}
CRITICAL - 2022-05-03 19:47:10 --> Undefined variable: student
#0 C:\xampp\htdocs\facultyEval\app\Views\student-list.php(135): CodeIgniter\Debug\Exceptions->errorHandler(8, 'Undefined varia...', 'C:\\xampp\\htdocs...', 135, Array)
#1 C:\xampp\htdocs\facultyEval\app\Views\student-list.php(131): button1()
#2 C:\xampp\htdocs\facultyEval\system\View\View.php(210): include('C:\\xampp\\htdocs...')
#3 C:\xampp\htdocs\facultyEval\system\View\View.php(213): CodeIgniter\View\View->CodeIgniter\View\{closure}()
#4 C:\xampp\htdocs\facultyEval\system\Common.php(1089): CodeIgniter\View\View->render('student-list', Array, true)
#5 C:\xampp\htdocs\facultyEval\app\Controllers\Home.php(113): view('student-list', Array)
#6 C:\xampp\htdocs\facultyEval\system\CodeIgniter.php(832): App\Controllers\Home->student()
#7 C:\xampp\htdocs\facultyEval\system\CodeIgniter.php(419): CodeIgniter\CodeIgniter->runController(Object(App\Controllers\Home))
#8 C:\xampp\htdocs\facultyEval\system\CodeIgniter.php(326): CodeIgniter\CodeIgniter->handleRequest(NULL, Object(Config\Cache), false)
#9 C:\xampp\htdocs\facultyEval\public\index.php(37): CodeIgniter\CodeIgniter->run()
#10 {main}
CRITICAL - 2022-05-03 19:47:16 --> Undefined variable: item
#0 C:\xampp\htdocs\facultyEval\app\Views\student-list.php(136): CodeIgniter\Debug\Exceptions->errorHandler(8, 'Undefined varia...', 'C:\\xampp\\htdocs...', 136, Array)
#1 C:\xampp\htdocs\facultyEval\app\Views\student-list.php(131): button1()
#2 C:\xampp\htdocs\facultyEval\system\View\View.php(210): include('C:\\xampp\\htdocs...')
#3 C:\xampp\htdocs\facultyEval\system\View\View.php(213): CodeIgniter\View\View->CodeIgniter\View\{closure}()
#4 C:\xampp\htdocs\facultyEval\system\Common.php(1089): CodeIgniter\View\View->render('student-list', Array, true)
#5 C:\xampp\htdocs\facultyEval\app\Controllers\Home.php(113): view('student-list', Array)
#6 C:\xampp\htdocs\facultyEval\system\CodeIgniter.php(832): App\Controllers\Home->student()
#7 C:\xampp\htdocs\facultyEval\system\CodeIgniter.php(419): CodeIgniter\CodeIgniter->runController(Object(App\Controllers\Home))
#8 C:\xampp\htdocs\facultyEval\system\CodeIgniter.php(326): CodeIgniter\CodeIgniter->handleRequest(NULL, Object(Config\Cache), false)
#9 C:\xampp\htdocs\facultyEval\public\index.php(37): CodeIgniter\CodeIgniter->run()
#10 {main}
CRITICAL - 2022-05-03 19:47:24 --> Undefined variable: to
#0 C:\xampp\htdocs\facultyEval\app\Views\student-list.php(142): CodeIgniter\Debug\Exceptions->errorHandler(8, 'Undefined varia...', 'C:\\xampp\\htdocs...', 142, Array)
#1 C:\xampp\htdocs\facultyEval\app\Views\student-list.php(131): button1()
#2 C:\xampp\htdocs\facultyEval\system\View\View.php(210): include('C:\\xampp\\htdocs...')
#3 C:\xampp\htdocs\facultyEval\system\View\View.php(213): CodeIgniter\View\View->CodeIgniter\View\{closure}()
#4 C:\xampp\htdocs\facultyEval\system\Common.php(1089): CodeIgniter\View\View->render('student-list', Array, true)
#5 C:\xampp\htdocs\facultyEval\app\Controllers\Home.php(113): view('student-list', Array)
#6 C:\xampp\htdocs\facultyEval\system\CodeIgniter.php(832): App\Controllers\Home->student()
#7 C:\xampp\htdocs\facultyEval\system\CodeIgniter.php(419): CodeIgniter\CodeIgniter->runController(Object(App\Controllers\Home))
#8 C:\xampp\htdocs\facultyEval\system\CodeIgniter.php(326): CodeIgniter\CodeIgniter->handleRequest(NULL, Object(Config\Cache), false)
#9 C:\xampp\htdocs\facultyEval\public\index.php(37): CodeIgniter\CodeIgniter->run()
#10 {main}
CRITICAL - 2022-05-03 20:06:17 --> Object of class CodeIgniter\Pager\Pager could not be converted to string
#0 C:\xampp\htdocs\facultyEval\system\View\View.php(210): include()
#1 C:\xampp\htdocs\facultyEval\system\View\View.php(213): CodeIgniter\View\View->CodeIgniter\View\{closure}()
#2 C:\xampp\htdocs\facultyEval\system\Common.php(1089): CodeIgniter\View\View->render('student-list', Array, true)
#3 C:\xampp\htdocs\facultyEval\app\Controllers\Home.php(143): view('student-list', Array)
#4 C:\xampp\htdocs\facultyEval\system\CodeIgniter.php(832): App\Controllers\Home->student()
#5 C:\xampp\htdocs\facultyEval\system\CodeIgniter.php(419): CodeIgniter\CodeIgniter->runController(Object(App\Controllers\Home))
#6 C:\xampp\htdocs\facultyEval\system\CodeIgniter.php(326): CodeIgniter\CodeIgniter->handleRequest(NULL, Object(Config\Cache), false)
#7 C:\xampp\htdocs\facultyEval\public\index.php(37): CodeIgniter\CodeIgniter->run()
#8 {main}
CRITICAL - 2022-05-03 20:43:03 --> Trying to access array offset on value of type null
#0 C:\xampp\htdocs\facultyEval\app\Views\add-question.php(94): CodeIgniter\Debug\Exceptions->errorHandler(8, 'Trying to acces...', 'C:\\xampp\\htdocs...', 94, Array)
#1 C:\xampp\htdocs\facultyEval\system\View\View.php(210): include('C:\\xampp\\htdocs...')
#2 C:\xampp\htdocs\facultyEval\system\View\View.php(213): CodeIgniter\View\View->CodeIgniter\View\{closure}()
#3 C:\xampp\htdocs\facultyEval\system\Common.php(1089): CodeIgniter\View\View->render('add-question', Array, true)
#4 C:\xampp\htdocs\facultyEval\app\Controllers\Home.php(299): view('add-question', Array)
#5 C:\xampp\htdocs\facultyEval\system\CodeIgniter.php(832): App\Controllers\Home->managequestion('ace', 'src-noconflict', 'ace.js')
#6 C:\xampp\htdocs\facultyEval\system\CodeIgniter.php(419): CodeIgniter\CodeIgniter->runController(Object(App\Controllers\Home))
#7 C:\xampp\htdocs\facultyEval\system\CodeIgniter.php(326): CodeIgniter\CodeIgniter->handleRequest(NULL, Object(Config\Cache), false)
#8 C:\xampp\htdocs\facultyEval\public\index.php(37): CodeIgniter\CodeIgniter->run()
#9 {main}
CRITICAL - 2022-05-03 20:43:03 --> Trying to access array offset on value of type null
#0 C:\xampp\htdocs\facultyEval\app\Views\add-question.php(94): CodeIgniter\Debug\Exceptions->errorHandler(8, 'Trying to acces...', 'C:\\xampp\\htdocs...', 94, Array)
#1 C:\xampp\htdocs\facultyEval\system\View\View.php(210): include('C:\\xampp\\htdocs...')
#2 C:\xampp\htdocs\facultyEval\system\View\View.php(213): CodeIgniter\View\View->CodeIgniter\View\{closure}()
#3 C:\xampp\htdocs\facultyEval\system\Common.php(1089): CodeIgniter\View\View->render('add-question', Array, true)
#4 C:\xampp\htdocs\facultyEval\app\Controllers\Home.php(299): view('add-question', Array)
#5 C:\xampp\htdocs\facultyEval\system\CodeIgniter.php(832): App\Controllers\Home->managequestion('js', 'ext-language_to...')
#6 C:\xampp\htdocs\facultyEval\system\CodeIgniter.php(419): CodeIgniter\CodeIgniter->runController(Object(App\Controllers\Home))
#7 C:\xampp\htdocs\facultyEval\system\CodeIgniter.php(326): CodeIgniter\CodeIgniter->handleRequest(NULL, Object(Config\Cache), false)
#8 C:\xampp\htdocs\facultyEval\public\index.php(37): CodeIgniter\CodeIgniter->run()
#9 {main}
CRITICAL - 2022-05-03 20:46:29 --> Undefined variable: academicModel
#0 C:\xampp\htdocs\facultyEval\app\Controllers\Home.php(170): CodeIgniter\Debug\Exceptions->errorHandler(8, 'Undefined varia...', 'C:\\xampp\\htdocs...', 170, Array)
#1 C:\xampp\htdocs\facultyEval\system\CodeIgniter.php(832): App\Controllers\Home->editstudent('14')
#2 C:\xampp\htdocs\facultyEval\system\CodeIgniter.php(419): CodeIgniter\CodeIgniter->runController(Object(App\Controllers\Home))
#3 C:\xampp\htdocs\facultyEval\system\CodeIgniter.php(326): CodeIgniter\CodeIgniter->handleRequest(NULL, Object(Config\Cache), false)
#4 C:\xampp\htdocs\facultyEval\public\index.php(37): CodeIgniter\CodeIgniter->run()
#5 {main}
CRITICAL - 2022-05-03 20:51:15 --> Call to a member function first() on null
#0 C:\xampp\htdocs\facultyEval\system\CodeIgniter.php(832): App\Controllers\Home->editstudent('15')
#1 C:\xampp\htdocs\facultyEval\system\CodeIgniter.php(419): CodeIgniter\CodeIgniter->runController(Object(App\Controllers\Home))
#2 C:\xampp\htdocs\facultyEval\system\CodeIgniter.php(326): CodeIgniter\CodeIgniter->handleRequest(NULL, Object(Config\Cache), false)
#3 C:\xampp\htdocs\facultyEval\public\index.php(37): CodeIgniter\CodeIgniter->run()
#4 {main}
CRITICAL - 2022-05-03 20:51:20 --> Call to a member function get() on null
#0 C:\xampp\htdocs\facultyEval\system\CodeIgniter.php(832): App\Controllers\Home->editstudent('15')
#1 C:\xampp\htdocs\facultyEval\system\CodeIgniter.php(419): CodeIgniter\CodeIgniter->runController(Object(App\Controllers\Home))
#2 C:\xampp\htdocs\facultyEval\system\CodeIgniter.php(326): CodeIgniter\CodeIgniter->handleRequest(NULL, Object(Config\Cache), false)
#3 C:\xampp\htdocs\facultyEval\public\index.php(37): CodeIgniter\CodeIgniter->run()
#4 {main}
CRITICAL - 2022-05-03 20:51:26 --> Call to a member function get() on null
#0 C:\xampp\htdocs\facultyEval\system\CodeIgniter.php(832): App\Controllers\Home->editstudent('15')
#1 C:\xampp\htdocs\facultyEval\system\CodeIgniter.php(419): CodeIgniter\CodeIgniter->runController(Object(App\Controllers\Home))
#2 C:\xampp\htdocs\facultyEval\system\CodeIgniter.php(326): CodeIgniter\CodeIgniter->handleRequest(NULL, Object(Config\Cache), false)
#3 C:\xampp\htdocs\facultyEval\public\index.php(37): CodeIgniter\CodeIgniter->run()
#4 {main}
CRITICAL - 2022-05-03 20:51:33 --> Call to a member function first() on null
#0 C:\xampp\htdocs\facultyEval\system\CodeIgniter.php(832): App\Controllers\Home->editstudent('15')
#1 C:\xampp\htdocs\facultyEval\system\CodeIgniter.php(419): CodeIgniter\CodeIgniter->runController(Object(App\Controllers\Home))
#2 C:\xampp\htdocs\facultyEval\system\CodeIgniter.php(326): CodeIgniter\CodeIgniter->handleRequest(NULL, Object(Config\Cache), false)
#3 C:\xampp\htdocs\facultyEval\public\index.php(37): CodeIgniter\CodeIgniter->run()
#4 {main}
CRITICAL - 2022-05-03 20:51:34 --> Call to a member function first() on null
#0 C:\xampp\htdocs\facultyEval\system\CodeIgniter.php(832): App\Controllers\Home->editstudent('15')
#1 C:\xampp\htdocs\facultyEval\system\CodeIgniter.php(419): CodeIgniter\CodeIgniter->runController(Object(App\Controllers\Home))
#2 C:\xampp\htdocs\facultyEval\system\CodeIgniter.php(326): CodeIgniter\CodeIgniter->handleRequest(NULL, Object(Config\Cache), false)
#3 C:\xampp\htdocs\facultyEval\public\index.php(37): CodeIgniter\CodeIgniter->run()
#4 {main}
CRITICAL - 2022-05-03 20:52:00 --> Trying to access array offset on value of type null
#0 C:\xampp\htdocs\facultyEval\app\Controllers\Home.php(171): CodeIgniter\Debug\Exceptions->errorHandler(8, 'Trying to acces...', 'C:\\xampp\\htdocs...', 171, Array)
#1 C:\xampp\htdocs\facultyEval\system\CodeIgniter.php(832): App\Controllers\Home->editstudent('15')
#2 C:\xampp\htdocs\facultyEval\system\CodeIgniter.php(419): CodeIgniter\CodeIgniter->runController(Object(App\Controllers\Home))
#3 C:\xampp\htdocs\facultyEval\system\CodeIgniter.php(326): CodeIgniter\CodeIgniter->handleRequest(NULL, Object(Config\Cache), false)
#4 C:\xampp\htdocs\facultyEval\public\index.php(37): CodeIgniter\CodeIgniter->run()
#5 {main}
ERROR - 2022-05-03 21:03:26 --> Unknown column 'admin.id' in 'where clause'
CRITICAL - 2022-05-03 21:03:26 --> Unknown column 'admin.id' in 'where clause'
#0 C:\xampp\htdocs\facultyEval\system\Database\MySQLi\Connection.php(292): mysqli->query('SELECT *\nFROM `...', 0)
#1 C:\xampp\htdocs\facultyEval\system\Database\BaseConnection.php(670): CodeIgniter\Database\MySQLi\Connection->execute('SELECT *\nFROM `...')
#2 C:\xampp\htdocs\facultyEval\system\Database\BaseConnection.php(598): CodeIgniter\Database\BaseConnection->simpleQuery('SELECT *\nFROM `...')
#3 C:\xampp\htdocs\facultyEval\system\Database\BaseBuilder.php(1455): CodeIgniter\Database\BaseConnection->query('SELECT *\nFROM `...', Array, false)
#4 C:\xampp\htdocs\facultyEval\system\Model.php(210): CodeIgniter\Database\BaseBuilder->get()
#5 C:\xampp\htdocs\facultyEval\system\BaseModel.php(622): CodeIgniter\Model->doFirst()
#6 C:\xampp\htdocs\facultyEval\app\Controllers\Home.php(331): CodeIgniter\BaseModel->first()
#7 C:\xampp\htdocs\facultyEval\system\CodeIgniter.php(832): App\Controllers\Home->singleemailadmin('13')
#8 C:\xampp\htdocs\facultyEval\system\CodeIgniter.php(419): CodeIgniter\CodeIgniter->runController(Object(App\Controllers\Home))
#9 C:\xampp\htdocs\facultyEval\system\CodeIgniter.php(326): CodeIgniter\CodeIgniter->handleRequest(NULL, Object(Config\Cache), false)
#10 C:\xampp\htdocs\facultyEval\public\index.php(37): CodeIgniter\CodeIgniter->run()
#11 {main}
CRITICAL - 2022-05-03 22:24:42 --> Trying to access array offset on value of type null
#0 C:\xampp\htdocs\facultyEval\app\Views\add-question.php(94): CodeIgniter\Debug\Exceptions->errorHandler(8, 'Trying to acces...', 'C:\\xampp\\htdocs...', 94, Array)
#1 C:\xampp\htdocs\facultyEval\system\View\View.php(210): include('C:\\xampp\\htdocs...')
#2 C:\xampp\htdocs\facultyEval\system\View\View.php(213): CodeIgniter\View\View->CodeIgniter\View\{closure}()
#3 C:\xampp\htdocs\facultyEval\system\Common.php(1089): CodeIgniter\View\View->render('add-question', Array, true)
#4 C:\xampp\htdocs\facultyEval\app\Controllers\Home.php(300): view('add-question', Array)
#5 C:\xampp\htdocs\facultyEval\system\CodeIgniter.php(832): App\Controllers\Home->managequestion('ace', 'src-noconflict', 'ace.js')
#6 C:\xampp\htdocs\facultyEval\system\CodeIgniter.php(419): CodeIgniter\CodeIgniter->runController(Object(App\Controllers\Home))
#7 C:\xampp\htdocs\facultyEval\system\CodeIgniter.php(326): CodeIgniter\CodeIgniter->handleRequest(NULL, Object(Config\Cache), false)
#8 C:\xampp\htdocs\facultyEval\public\index.php(37): CodeIgniter\CodeIgniter->run()
#9 {main}
CRITICAL - 2022-05-03 22:24:42 --> Trying to access array offset on value of type null
#0 C:\xampp\htdocs\facultyEval\app\Views\add-question.php(94): CodeIgniter\Debug\Exceptions->errorHandler(8, 'Trying to acces...', 'C:\\xampp\\htdocs...', 94, Array)
#1 C:\xampp\htdocs\facultyEval\system\View\View.php(210): include('C:\\xampp\\htdocs...')
#2 C:\xampp\htdocs\facultyEval\system\View\View.php(213): CodeIgniter\View\View->CodeIgniter\View\{closure}()
#3 C:\xampp\htdocs\facultyEval\system\Common.php(1089): CodeIgniter\View\View->render('add-question', Array, true)
#4 C:\xampp\htdocs\facultyEval\app\Controllers\Home.php(300): view('add-question', Array)
#5 C:\xampp\htdocs\facultyEval\system\CodeIgniter.php(832): App\Controllers\Home->managequestion('js', 'ext-language_to...')
#6 C:\xampp\htdocs\facultyEval\system\CodeIgniter.php(419): CodeIgniter\CodeIgniter->runController(Object(App\Controllers\Home))
#7 C:\xampp\htdocs\facultyEval\system\CodeIgniter.php(326): CodeIgniter\CodeIgniter->handleRequest(NULL, Object(Config\Cache), false)
#8 C:\xampp\htdocs\facultyEval\public\index.php(37): CodeIgniter\CodeIgniter->run()
#9 {main}
CRITICAL - 2022-05-03 22:26:53 --> Trying to access array offset on value of type null
#0 C:\xampp\htdocs\facultyEval\app\Views\add-question.php(94): CodeIgniter\Debug\Exceptions->errorHandler(8, 'Trying to acces...', 'C:\\xampp\\htdocs...', 94, Array)
#1 C:\xampp\htdocs\facultyEval\system\View\View.php(210): include('C:\\xampp\\htdocs...')
#2 C:\xampp\htdocs\facultyEval\system\View\View.php(213): CodeIgniter\View\View->CodeIgniter\View\{closure}()
#3 C:\xampp\htdocs\facultyEval\system\Common.php(1089): CodeIgniter\View\View->render('add-question', Array, true)
#4 C:\xampp\htdocs\facultyEval\app\Controllers\Home.php(300): view('add-question', Array)
#5 C:\xampp\htdocs\facultyEval\system\CodeIgniter.php(832): App\Controllers\Home->managequestion('js', 'ext-language_to...')
#6 C:\xampp\htdocs\facultyEval\system\CodeIgniter.php(419): CodeIgniter\CodeIgniter->runController(Object(App\Controllers\Home))
#7 C:\xampp\htdocs\facultyEval\system\CodeIgniter.php(326): CodeIgniter\CodeIgniter->handleRequest(NULL, Object(Config\Cache), false)
#8 C:\xampp\htdocs\facultyEval\public\index.php(37): CodeIgniter\CodeIgniter->run()
#9 {main}
CRITICAL - 2022-05-03 22:26:53 --> Trying to access array offset on value of type null
#0 C:\xampp\htdocs\facultyEval\app\Views\add-question.php(94): CodeIgniter\Debug\Exceptions->errorHandler(8, 'Trying to acces...', 'C:\\xampp\\htdocs...', 94, Array)
#1 C:\xampp\htdocs\facultyEval\system\View\View.php(210): include('C:\\xampp\\htdocs...')
#2 C:\xampp\htdocs\facultyEval\system\View\View.php(213): CodeIgniter\View\View->CodeIgniter\View\{closure}()
#3 C:\xampp\htdocs\facultyEval\system\Common.php(1089): CodeIgniter\View\View->render('add-question', Array, true)
#4 C:\xampp\htdocs\facultyEval\app\Controllers\Home.php(300): view('add-question', Array)
#5 C:\xampp\htdocs\facultyEval\system\CodeIgniter.php(832): App\Controllers\Home->managequestion('ace', 'src-noconflict', 'ace.js')
#6 C:\xampp\htdocs\facultyEval\system\CodeIgniter.php(419): CodeIgniter\CodeIgniter->runController(Object(App\Controllers\Home))
#7 C:\xampp\htdocs\facultyEval\system\CodeIgniter.php(326): CodeIgniter\CodeIgniter->handleRequest(NULL, Object(Config\Cache), false)
#8 C:\xampp\htdocs\facultyEval\public\index.php(37): CodeIgniter\CodeIgniter->run()
#9 {main}
CRITICAL - 2022-05-03 22:27:28 --> Trying to access array offset on value of type null
#0 C:\xampp\htdocs\facultyEval\app\Views\add-question.php(94): CodeIgniter\Debug\Exceptions->errorHandler(8, 'Trying to acces...', 'C:\\xampp\\htdocs...', 94, Array)
#1 C:\xampp\htdocs\facultyEval\system\View\View.php(210): include('C:\\xampp\\htdocs...')
#2 C:\xampp\htdocs\facultyEval\system\View\View.php(213): CodeIgniter\View\View->CodeIgniter\View\{closure}()
#3 C:\xampp\htdocs\facultyEval\system\Common.php(1089): CodeIgniter\View\View->render('add-question', Array, true)
#4 C:\xampp\htdocs\facultyEval\app\Controllers\Home.php(300): view('add-question', Array)
#5 C:\xampp\htdocs\facultyEval\system\CodeIgniter.php(832): App\Controllers\Home->managequestion('js', 'ext-language_to...')
#6 C:\xampp\htdocs\facultyEval\system\CodeIgniter.php(419): CodeIgniter\CodeIgniter->runController(Object(App\Controllers\Home))
#7 C:\xampp\htdocs\facultyEval\system\CodeIgniter.php(326): CodeIgniter\CodeIgniter->handleRequest(NULL, Object(Config\Cache), false)
#8 C:\xampp\htdocs\facultyEval\public\index.php(37): CodeIgniter\CodeIgniter->run()
#9 {main}
CRITICAL - 2022-05-03 22:27:28 --> Trying to access array offset on value of type null
#0 C:\xampp\htdocs\facultyEval\app\Views\add-question.php(94): CodeIgniter\Debug\Exceptions->errorHandler(8, 'Trying to acces...', 'C:\\xampp\\htdocs...', 94, Array)
#1 C:\xampp\htdocs\facultyEval\system\View\View.php(210): include('C:\\xampp\\htdocs...')
#2 C:\xampp\htdocs\facultyEval\system\View\View.php(213): CodeIgniter\View\View->CodeIgniter\View\{closure}()
#3 C:\xampp\htdocs\facultyEval\system\Common.php(1089): CodeIgniter\View\View->render('add-question', Array, true)
#4 C:\xampp\htdocs\facultyEval\app\Controllers\Home.php(300): view('add-question', Array)
#5 C:\xampp\htdocs\facultyEval\system\CodeIgniter.php(832): App\Controllers\Home->managequestion('ace', 'src-noconflict', 'ace.js')
#6 C:\xampp\htdocs\facultyEval\system\CodeIgniter.php(419): CodeIgniter\CodeIgniter->runController(Object(App\Controllers\Home))
#7 C:\xampp\htdocs\facultyEval\system\CodeIgniter.php(326): CodeIgniter\CodeIgniter->handleRequest(NULL, Object(Config\Cache), false)
#8 C:\xampp\htdocs\facultyEval\public\index.php(37): CodeIgniter\CodeIgniter->run()
#9 {main}
CRITICAL - 2022-05-03 22:27:36 --> Trying to access array offset on value of type null
#0 C:\xampp\htdocs\facultyEval\app\Views\add-question.php(94): CodeIgniter\Debug\Exceptions->errorHandler(8, 'Trying to acces...', 'C:\\xampp\\htdocs...', 94, Array)
#1 C:\xampp\htdocs\facultyEval\system\View\View.php(210): include('C:\\xampp\\htdocs...')
#2 C:\xampp\htdocs\facultyEval\system\View\View.php(213): CodeIgniter\View\View->CodeIgniter\View\{closure}()
#3 C:\xampp\htdocs\facultyEval\system\Common.php(1089): CodeIgniter\View\View->render('add-question', Array, true)
#4 C:\xampp\htdocs\facultyEval\app\Controllers\Home.php(300): view('add-question', Array)
#5 C:\xampp\htdocs\facultyEval\system\CodeIgniter.php(832): App\Controllers\Home->managequestion('ace', 'src-noconflict', 'ace.js')
#6 C:\xampp\htdocs\facultyEval\system\CodeIgniter.php(419): CodeIgniter\CodeIgniter->runController(Object(App\Controllers\Home))
#7 C:\xampp\htdocs\facultyEval\system\CodeIgniter.php(326): CodeIgniter\CodeIgniter->handleRequest(NULL, Object(Config\Cache), false)
#8 C:\xampp\htdocs\facultyEval\public\index.php(37): CodeIgniter\CodeIgniter->run()
#9 {main}
CRITICAL - 2022-05-03 22:27:36 --> Trying to access array offset on value of type null
#0 C:\xampp\htdocs\facultyEval\app\Views\add-question.php(94): CodeIgniter\Debug\Exceptions->errorHandler(8, 'Trying to acces...', 'C:\\xampp\\htdocs...', 94, Array)
#1 C:\xampp\htdocs\facultyEval\system\View\View.php(210): include('C:\\xampp\\htdocs...')
#2 C:\xampp\htdocs\facultyEval\system\View\View.php(213): CodeIgniter\View\View->CodeIgniter\View\{closure}()
#3 C:\xampp\htdocs\facultyEval\system\Common.php(1089): CodeIgniter\View\View->render('add-question', Array, true)
#4 C:\xampp\htdocs\facultyEval\app\Controllers\Home.php(300): view('add-question', Array)
#5 C:\xampp\htdocs\facultyEval\system\CodeIgniter.php(832): App\Controllers\Home->managequestion('js', 'ext-language_to...')
#6 C:\xampp\htdocs\facultyEval\system\CodeIgniter.php(419): CodeIgniter\CodeIgniter->runController(Object(App\Controllers\Home))
#7 C:\xampp\htdocs\facultyEval\system\CodeIgniter.php(326): CodeIgniter\CodeIgniter->handleRequest(NULL, Object(Config\Cache), false)
#8 C:\xampp\htdocs\facultyEval\public\index.php(37): CodeIgniter\CodeIgniter->run()
#9 {main}
CRITICAL - 2022-05-03 22:27:38 --> Trying to access array offset on value of type null
#0 C:\xampp\htdocs\facultyEval\app\Views\add-question.php(94): CodeIgniter\Debug\Exceptions->errorHandler(8, 'Trying to acces...', 'C:\\xampp\\htdocs...', 94, Array)
#1 C:\xampp\htdocs\facultyEval\system\View\View.php(210): include('C:\\xampp\\htdocs...')
#2 C:\xampp\htdocs\facultyEval\system\View\View.php(213): CodeIgniter\View\View->CodeIgniter\View\{closure}()
#3 C:\xampp\htdocs\facultyEval\system\Common.php(1089): CodeIgniter\View\View->render('add-question', Array, true)
#4 C:\xampp\htdocs\facultyEval\app\Controllers\Home.php(300): view('add-question', Array)
#5 C:\xampp\htdocs\facultyEval\system\CodeIgniter.php(832): App\Controllers\Home->managequestion('js', 'ext-language_to...')
#6 C:\xampp\htdocs\facultyEval\system\CodeIgniter.php(419): CodeIgniter\CodeIgniter->runController(Object(App\Controllers\Home))
#7 C:\xampp\htdocs\facultyEval\system\CodeIgniter.php(326): CodeIgniter\CodeIgniter->handleRequest(NULL, Object(Config\Cache), false)
#8 C:\xampp\htdocs\facultyEval\public\index.php(37): CodeIgniter\CodeIgniter->run()
#9 {main}
CRITICAL - 2022-05-03 22:27:38 --> Trying to access array offset on value of type null
#0 C:\xampp\htdocs\facultyEval\app\Views\add-question.php(94): CodeIgniter\Debug\Exceptions->errorHandler(8, 'Trying to acces...', 'C:\\xampp\\htdocs...', 94, Array)
#1 C:\xampp\htdocs\facultyEval\system\View\View.php(210): include('C:\\xampp\\htdocs...')
#2 C:\xampp\htdocs\facultyEval\system\View\View.php(213): CodeIgniter\View\View->CodeIgniter\View\{closure}()
#3 C:\xampp\htdocs\facultyEval\system\Common.php(1089): CodeIgniter\View\View->render('add-question', Array, true)
#4 C:\xampp\htdocs\facultyEval\app\Controllers\Home.php(300): view('add-question', Array)
#5 C:\xampp\htdocs\facultyEval\system\CodeIgniter.php(832): App\Controllers\Home->managequestion('ace', 'src-noconflict', 'ace.js')
#6 C:\xampp\htdocs\facultyEval\system\CodeIgniter.php(419): CodeIgniter\CodeIgniter->runController(Object(App\Controllers\Home))
#7 C:\xampp\htdocs\facultyEval\system\CodeIgniter.php(326): CodeIgniter\CodeIgniter->handleRequest(NULL, Object(Config\Cache), false)
#8 C:\xampp\htdocs\facultyEval\public\index.php(37): CodeIgniter\CodeIgniter->run()
#9 {main}
CRITICAL - 2022-05-03 22:27:40 --> Trying to access array offset on value of type null
#0 C:\xampp\htdocs\facultyEval\app\Views\add-question.php(94): CodeIgniter\Debug\Exceptions->errorHandler(8, 'Trying to acces...', 'C:\\xampp\\htdocs...', 94, Array)
#1 C:\xampp\htdocs\facultyEval\system\View\View.php(210): include('C:\\xampp\\htdocs...')
#2 C:\xampp\htdocs\facultyEval\system\View\View.php(213): CodeIgniter\View\View->CodeIgniter\View\{closure}()
#3 C:\xampp\htdocs\facultyEval\system\Common.php(1089): CodeIgniter\View\View->render('add-question', Array, true)
#4 C:\xampp\htdocs\facultyEval\app\Controllers\Home.php(300): view('add-question', Array)
#5 C:\xampp\htdocs\facultyEval\system\CodeIgniter.php(832): App\Controllers\Home->managequestion('ace', 'src-noconflict', 'ace.js')
#6 C:\xampp\htdocs\facultyEval\system\CodeIgniter.php(419): CodeIgniter\CodeIgniter->runController(Object(App\Controllers\Home))
#7 C:\xampp\htdocs\facultyEval\system\CodeIgniter.php(326): CodeIgniter\CodeIgniter->handleRequest(NULL, Object(Config\Cache), false)
#8 C:\xampp\htdocs\facultyEval\public\index.php(37): CodeIgniter\CodeIgniter->run()
#9 {main}
CRITICAL - 2022-05-03 22:27:40 --> Trying to access array offset on value of type null
#0 C:\xampp\htdocs\facultyEval\app\Views\add-question.php(94): CodeIgniter\Debug\Exceptions->errorHandler(8, 'Trying to acces...', 'C:\\xampp\\htdocs...', 94, Array)
#1 C:\xampp\htdocs\facultyEval\system\View\View.php(210): include('C:\\xampp\\htdocs...')
#2 C:\xampp\htdocs\facultyEval\system\View\View.php(213): CodeIgniter\View\View->CodeIgniter\View\{closure}()
#3 C:\xampp\htdocs\facultyEval\system\Common.php(1089): CodeIgniter\View\View->render('add-question', Array, true)
#4 C:\xampp\htdocs\facultyEval\app\Controllers\Home.php(300): view('add-question', Array)
#5 C:\xampp\htdocs\facultyEval\system\CodeIgniter.php(832): App\Controllers\Home->managequestion('js', 'ext-language_to...')
#6 C:\xampp\htdocs\facultyEval\system\CodeIgniter.php(419): CodeIgniter\CodeIgniter->runController(Object(App\Controllers\Home))
#7 C:\xampp\htdocs\facultyEval\system\CodeIgniter.php(326): CodeIgniter\CodeIgniter->handleRequest(NULL, Object(Config\Cache), false)
#8 C:\xampp\htdocs\facultyEval\public\index.php(37): CodeIgniter\CodeIgniter->run()
#9 {main}
CRITICAL - 2022-05-03 22:27:42 --> Trying to access array offset on value of type null
#0 C:\xampp\htdocs\facultyEval\app\Views\add-question.php(94): CodeIgniter\Debug\Exceptions->errorHandler(8, 'Trying to acces...', 'C:\\xampp\\htdocs...', 94, Array)
#1 C:\xampp\htdocs\facultyEval\system\View\View.php(210): include('C:\\xampp\\htdocs...')
#2 C:\xampp\htdocs\facultyEval\system\View\View.php(213): CodeIgniter\View\View->CodeIgniter\View\{closure}()
#3 C:\xampp\htdocs\facultyEval\system\Common.php(1089): CodeIgniter\View\View->render('add-question', Array, true)
#4 C:\xampp\htdocs\facultyEval\app\Controllers\Home.php(300): view('add-question', Array)
#5 C:\xampp\htdocs\facultyEval\system\CodeIgniter.php(832): App\Controllers\Home->managequestion('ace', 'src-noconflict', 'ace.js')
#6 C:\xampp\htdocs\facultyEval\system\CodeIgniter.php(419): CodeIgniter\CodeIgniter->runController(Object(App\Controllers\Home))
#7 C:\xampp\htdocs\facultyEval\system\CodeIgniter.php(326): CodeIgniter\CodeIgniter->handleRequest(NULL, Object(Config\Cache), false)
#8 C:\xampp\htdocs\facultyEval\public\index.php(37): CodeIgniter\CodeIgniter->run()
#9 {main}
CRITICAL - 2022-05-03 22:27:42 --> Trying to access array offset on value of type null
#0 C:\xampp\htdocs\facultyEval\app\Views\add-question.php(94): CodeIgniter\Debug\Exceptions->errorHandler(8, 'Trying to acces...', 'C:\\xampp\\htdocs...', 94, Array)
#1 C:\xampp\htdocs\facultyEval\system\View\View.php(210): include('C:\\xampp\\htdocs...')
#2 C:\xampp\htdocs\facultyEval\system\View\View.php(213): CodeIgniter\View\View->CodeIgniter\View\{closure}()
#3 C:\xampp\htdocs\facultyEval\system\Common.php(1089): CodeIgniter\View\View->render('add-question', Array, true)
#4 C:\xampp\htdocs\facultyEval\app\Controllers\Home.php(300): view('add-question', Array)
#5 C:\xampp\htdocs\facultyEval\system\CodeIgniter.php(832): App\Controllers\Home->managequestion('js', 'ext-language_to...')
#6 C:\xampp\htdocs\facultyEval\system\CodeIgniter.php(419): CodeIgniter\CodeIgniter->runController(Object(App\Controllers\Home))
#7 C:\xampp\htdocs\facultyEval\system\CodeIgniter.php(326): CodeIgniter\CodeIgniter->handleRequest(NULL, Object(Config\Cache), false)
#8 C:\xampp\htdocs\facultyEval\public\index.php(37): CodeIgniter\CodeIgniter->run()
#9 {main}
CRITICAL - 2022-05-03 22:27:44 --> Trying to access array offset on value of type null
#0 C:\xampp\htdocs\facultyEval\app\Views\add-question.php(94): CodeIgniter\Debug\Exceptions->errorHandler(8, 'Trying to acces...', 'C:\\xampp\\htdocs...', 94, Array)
#1 C:\xampp\htdocs\facultyEval\system\View\View.php(210): include('C:\\xampp\\htdocs...')
#2 C:\xampp\htdocs\facultyEval\system\View\View.php(213): CodeIgniter\View\View->CodeIgniter\View\{closure}()
#3 C:\xampp\htdocs\facultyEval\system\Common.php(1089): CodeIgniter\View\View->render('add-question', Array, true)
#4 C:\xampp\htdocs\facultyEval\app\Controllers\Home.php(300): view('add-question', Array)
#5 C:\xampp\htdocs\facultyEval\system\CodeIgniter.php(832): App\Controllers\Home->managequestion('js', 'ext-language_to...')
#6 C:\xampp\htdocs\facultyEval\system\CodeIgniter.php(419): CodeIgniter\CodeIgniter->runController(Object(App\Controllers\Home))
#7 C:\xampp\htdocs\facultyEval\system\CodeIgniter.php(326): CodeIgniter\CodeIgniter->handleRequest(NULL, Object(Config\Cache), false)
#8 C:\xampp\htdocs\facultyEval\public\index.php(37): CodeIgniter\CodeIgniter->run()
#9 {main}
CRITICAL - 2022-05-03 22:27:44 --> Trying to access array offset on value of type null
#0 C:\xampp\htdocs\facultyEval\app\Views\add-question.php(94): CodeIgniter\Debug\Exceptions->errorHandler(8, 'Trying to acces...', 'C:\\xampp\\htdocs...', 94, Array)
#1 C:\xampp\htdocs\facultyEval\system\View\View.php(210): include('C:\\xampp\\htdocs...')
#2 C:\xampp\htdocs\facultyEval\system\View\View.php(213): CodeIgniter\View\View->CodeIgniter\View\{closure}()
#3 C:\xampp\htdocs\facultyEval\system\Common.php(1089): CodeIgniter\View\View->render('add-question', Array, true)
#4 C:\xampp\htdocs\facultyEval\app\Controllers\Home.php(300): view('add-question', Array)
#5 C:\xampp\htdocs\facultyEval\system\CodeIgniter.php(832): App\Controllers\Home->managequestion('ace', 'src-noconflict', 'ace.js')
#6 C:\xampp\htdocs\facultyEval\system\CodeIgniter.php(419): CodeIgniter\CodeIgniter->runController(Object(App\Controllers\Home))
#7 C:\xampp\htdocs\facultyEval\system\CodeIgniter.php(326): CodeIgniter\CodeIgniter->handleRequest(NULL, Object(Config\Cache), false)
#8 C:\xampp\htdocs\facultyEval\public\index.php(37): CodeIgniter\CodeIgniter->run()
#9 {main}
CRITICAL - 2022-05-03 22:27:47 --> Trying to access array offset on value of type null
#0 C:\xampp\htdocs\facultyEval\app\Views\add-question.php(94): CodeIgniter\Debug\Exceptions->errorHandler(8, 'Trying to acces...', 'C:\\xampp\\htdocs...', 94, Array)
#1 C:\xampp\htdocs\facultyEval\system\View\View.php(210): include('C:\\xampp\\htdocs...')
#2 C:\xampp\htdocs\facultyEval\system\View\View.php(213): CodeIgniter\View\View->CodeIgniter\View\{closure}()
#3 C:\xampp\htdocs\facultyEval\system\Common.php(1089): CodeIgniter\View\View->render('add-question', Array, true)
#4 C:\xampp\htdocs\facultyEval\app\Controllers\Home.php(300): view('add-question', Array)
#5 C:\xampp\htdocs\facultyEval\system\CodeIgniter.php(832): App\Controllers\Home->managequestion('js', 'ext-language_to...')
#6 C:\xampp\htdocs\facultyEval\system\CodeIgniter.php(419): CodeIgniter\CodeIgniter->runController(Object(App\Controllers\Home))
#7 C:\xampp\htdocs\facultyEval\system\CodeIgniter.php(326): CodeIgniter\CodeIgniter->handleRequest(NULL, Object(Config\Cache), false)
#8 C:\xampp\htdocs\facultyEval\public\index.php(37): CodeIgniter\CodeIgniter->run()
#9 {main}
CRITICAL - 2022-05-03 22:27:47 --> Trying to access array offset on value of type null
#0 C:\xampp\htdocs\facultyEval\app\Views\add-question.php(94): CodeIgniter\Debug\Exceptions->errorHandler(8, 'Trying to acces...', 'C:\\xampp\\htdocs...', 94, Array)
#1 C:\xampp\htdocs\facultyEval\system\View\View.php(210): include('C:\\xampp\\htdocs...')
#2 C:\xampp\htdocs\facultyEval\system\View\View.php(213): CodeIgniter\View\View->CodeIgniter\View\{closure}()
#3 C:\xampp\htdocs\facultyEval\system\Common.php(1089): CodeIgniter\View\View->render('add-question', Array, true)
#4 C:\xampp\htdocs\facultyEval\app\Controllers\Home.php(300): view('add-question', Array)
#5 C:\xampp\htdocs\facultyEval\system\CodeIgniter.php(832): App\Controllers\Home->managequestion('ace', 'src-noconflict', 'ace.js')
#6 C:\xampp\htdocs\facultyEval\system\CodeIgniter.php(419): CodeIgniter\CodeIgniter->runController(Object(App\Controllers\Home))
#7 C:\xampp\htdocs\facultyEval\system\CodeIgniter.php(326): CodeIgniter\CodeIgniter->handleRequest(NULL, Object(Config\Cache), false)
#8 C:\xampp\htdocs\facultyEval\public\index.php(37): CodeIgniter\CodeIgniter->run()
#9 {main}
CRITICAL - 2022-05-03 22:27:57 --> Trying to access array offset on value of type null
#0 C:\xampp\htdocs\facultyEval\app\Views\add-question.php(94): CodeIgniter\Debug\Exceptions->errorHandler(8, 'Trying to acces...', 'C:\\xampp\\htdocs...', 94, Array)
#1 C:\xampp\htdocs\facultyEval\system\View\View.php(210): include('C:\\xampp\\htdocs...')
#2 C:\xampp\htdocs\facultyEval\system\View\View.php(213): CodeIgniter\View\View->CodeIgniter\View\{closure}()
#3 C:\xampp\htdocs\facultyEval\system\Common.php(1089): CodeIgniter\View\View->render('add-question', Array, true)
#4 C:\xampp\htdocs\facultyEval\app\Controllers\Home.php(300): view('add-question', Array)
#5 C:\xampp\htdocs\facultyEval\system\CodeIgniter.php(832): App\Controllers\Home->managequestion('js', 'ext-language_to...')
#6 C:\xampp\htdocs\facultyEval\system\CodeIgniter.php(419): CodeIgniter\CodeIgniter->runController(Object(App\Controllers\Home))
#7 C:\xampp\htdocs\facultyEval\system\CodeIgniter.php(326): CodeIgniter\CodeIgniter->handleRequest(NULL, Object(Config\Cache), false)
#8 C:\xampp\htdocs\facultyEval\public\index.php(37): CodeIgniter\CodeIgniter->run()
#9 {main}
CRITICAL - 2022-05-03 22:27:57 --> Trying to access array offset on value of type null
#0 C:\xampp\htdocs\facultyEval\app\Views\add-question.php(94): CodeIgniter\Debug\Exceptions->errorHandler(8, 'Trying to acces...', 'C:\\xampp\\htdocs...', 94, Array)
#1 C:\xampp\htdocs\facultyEval\system\View\View.php(210): include('C:\\xampp\\htdocs...')
#2 C:\xampp\htdocs\facultyEval\system\View\View.php(213): CodeIgniter\View\View->CodeIgniter\View\{closure}()
#3 C:\xampp\htdocs\facultyEval\system\Common.php(1089): CodeIgniter\View\View->render('add-question', Array, true)
#4 C:\xampp\htdocs\facultyEval\app\Controllers\Home.php(300): view('add-question', Array)
#5 C:\xampp\htdocs\facultyEval\system\CodeIgniter.php(832): App\Controllers\Home->managequestion('ace', 'src-noconflict', 'ace.js')
#6 C:\xampp\htdocs\facultyEval\system\CodeIgniter.php(419): CodeIgniter\CodeIgniter->runController(Object(App\Controllers\Home))
#7 C:\xampp\htdocs\facultyEval\system\CodeIgniter.php(326): CodeIgniter\CodeIgniter->handleRequest(NULL, Object(Config\Cache), false)
#8 C:\xampp\htdocs\facultyEval\public\index.php(37): CodeIgniter\CodeIgniter->run()
#9 {main}
CRITICAL - 2022-05-03 22:27:58 --> Trying to access array offset on value of type null
#0 C:\xampp\htdocs\facultyEval\app\Views\add-question.php(94): CodeIgniter\Debug\Exceptions->errorHandler(8, 'Trying to acces...', 'C:\\xampp\\htdocs...', 94, Array)
#1 C:\xampp\htdocs\facultyEval\system\View\View.php(210): include('C:\\xampp\\htdocs...')
#2 C:\xampp\htdocs\facultyEval\system\View\View.php(213): CodeIgniter\View\View->CodeIgniter\View\{closure}()
#3 C:\xampp\htdocs\facultyEval\system\Common.php(1089): CodeIgniter\View\View->render('add-question', Array, true)
#4 C:\xampp\htdocs\facultyEval\app\Controllers\Home.php(300): view('add-question', Array)
#5 C:\xampp\htdocs\facultyEval\system\CodeIgniter.php(832): App\Controllers\Home->managequestion('ace', 'src-noconflict', 'ace.js')
#6 C:\xampp\htdocs\facultyEval\system\CodeIgniter.php(419): CodeIgniter\CodeIgniter->runController(Object(App\Controllers\Home))
#7 C:\xampp\htdocs\facultyEval\system\CodeIgniter.php(326): CodeIgniter\CodeIgniter->handleRequest(NULL, Object(Config\Cache), false)
#8 C:\xampp\htdocs\facultyEval\public\index.php(37): CodeIgniter\CodeIgniter->run()
#9 {main}
CRITICAL - 2022-05-03 22:27:58 --> Trying to access array offset on value of type null
#0 C:\xampp\htdocs\facultyEval\app\Views\add-question.php(94): CodeIgniter\Debug\Exceptions->errorHandler(8, 'Trying to acces...', 'C:\\xampp\\htdocs...', 94, Array)
#1 C:\xampp\htdocs\facultyEval\system\View\View.php(210): include('C:\\xampp\\htdocs...')
#2 C:\xampp\htdocs\facultyEval\system\View\View.php(213): CodeIgniter\View\View->CodeIgniter\View\{closure}()
#3 C:\xampp\htdocs\facultyEval\system\Common.php(1089): CodeIgniter\View\View->render('add-question', Array, true)
#4 C:\xampp\htdocs\facultyEval\app\Controllers\Home.php(300): view('add-question', Array)
#5 C:\xampp\htdocs\facultyEval\system\CodeIgniter.php(832): App\Controllers\Home->managequestion('js', 'ext-language_to...')
#6 C:\xampp\htdocs\facultyEval\system\CodeIgniter.php(419): CodeIgniter\CodeIgniter->runController(Object(App\Controllers\Home))
#7 C:\xampp\htdocs\facultyEval\system\CodeIgniter.php(326): CodeIgniter\CodeIgniter->handleRequest(NULL, Object(Config\Cache), false)
#8 C:\xampp\htdocs\facultyEval\public\index.php(37): CodeIgniter\CodeIgniter->run()
#9 {main}
CRITICAL - 2022-05-03 22:28:01 --> Trying to access array offset on value of type null
#0 C:\xampp\htdocs\facultyEval\app\Views\add-question.php(94): CodeIgniter\Debug\Exceptions->errorHandler(8, 'Trying to acces...', 'C:\\xampp\\htdocs...', 94, Array)
#1 C:\xampp\htdocs\facultyEval\system\View\View.php(210): include('C:\\xampp\\htdocs...')
#2 C:\xampp\htdocs\facultyEval\system\View\View.php(213): CodeIgniter\View\View->CodeIgniter\View\{closure}()
#3 C:\xampp\htdocs\facultyEval\system\Common.php(1089): CodeIgniter\View\View->render('add-question', Array, true)
#4 C:\xampp\htdocs\facultyEval\app\Controllers\Home.php(300): view('add-question', Array)
#5 C:\xampp\htdocs\facultyEval\system\CodeIgniter.php(832): App\Controllers\Home->managequestion('ace', 'src-noconflict', 'ace.js')
#6 C:\xampp\htdocs\facultyEval\system\CodeIgniter.php(419): CodeIgniter\CodeIgniter->runController(Object(App\Controllers\Home))
#7 C:\xampp\htdocs\facultyEval\system\CodeIgniter.php(326): CodeIgniter\CodeIgniter->handleRequest(NULL, Object(Config\Cache), false)
#8 C:\xampp\htdocs\facultyEval\public\index.php(37): CodeIgniter\CodeIgniter->run()
#9 {main}
CRITICAL - 2022-05-03 22:28:01 --> Trying to access array offset on value of type null
#0 C:\xampp\htdocs\facultyEval\app\Views\add-question.php(94): CodeIgniter\Debug\Exceptions->errorHandler(8, 'Trying to acces...', 'C:\\xampp\\htdocs...', 94, Array)
#1 C:\xampp\htdocs\facultyEval\system\View\View.php(210): include('C:\\xampp\\htdocs...')
#2 C:\xampp\htdocs\facultyEval\system\View\View.php(213): CodeIgniter\View\View->CodeIgniter\View\{closure}()
#3 C:\xampp\htdocs\facultyEval\system\Common.php(1089): CodeIgniter\View\View->render('add-question', Array, true)
#4 C:\xampp\htdocs\facultyEval\app\Controllers\Home.php(300): view('add-question', Array)
#5 C:\xampp\htdocs\facultyEval\system\CodeIgniter.php(832): App\Controllers\Home->managequestion('js', 'ext-language_to...')
#6 C:\xampp\htdocs\facultyEval\system\CodeIgniter.php(419): CodeIgniter\CodeIgniter->runController(Object(App\Controllers\Home))
#7 C:\xampp\htdocs\facultyEval\system\CodeIgniter.php(326): CodeIgniter\CodeIgniter->handleRequest(NULL, Object(Config\Cache), false)
#8 C:\xampp\htdocs\facultyEval\public\index.php(37): CodeIgniter\CodeIgniter->run()
#9 {main}
CRITICAL - 2022-05-03 22:28:04 --> Invalid file: /Home/managequestion/6.php
#0 C:\xampp\htdocs\facultyEval\system\View\View.php(198): CodeIgniter\Exceptions\FrameworkException::forInvalidFile('/Home/manageque...')
#1 C:\xampp\htdocs\facultyEval\system\Common.php(1089): CodeIgniter\View\View->render('/Home/manageque...', Array, true)
#2 C:\xampp\htdocs\facultyEval\app\Controllers\Question.php(42): view('/Home/manageque...', Array)
#3 C:\xampp\htdocs\facultyEval\system\CodeIgniter.php(832): App\Controllers\Question->save('6')
#4 C:\xampp\htdocs\facultyEval\system\CodeIgniter.php(419): CodeIgniter\CodeIgniter->runController(Object(App\Controllers\Question))
#5 C:\xampp\htdocs\facultyEval\system\CodeIgniter.php(326): CodeIgniter\CodeIgniter->handleRequest(NULL, Object(Config\Cache), false)
#6 C:\xampp\htdocs\facultyEval\public\index.php(37): CodeIgniter\CodeIgniter->run()
#7 {main}
CRITICAL - 2022-05-03 22:28:04 --> Trying to access array offset on value of type null
#0 C:\xampp\htdocs\facultyEval\app\Controllers\Question.php(42): CodeIgniter\Debug\Exceptions->errorHandler(8, 'Trying to acces...', 'C:\\xampp\\htdocs...', 42, Array)
#1 C:\xampp\htdocs\facultyEval\system\CodeIgniter.php(832): App\Controllers\Question->save('ace', 'src-noconflict', 'ace.js')
#2 C:\xampp\htdocs\facultyEval\system\CodeIgniter.php(419): CodeIgniter\CodeIgniter->runController(Object(App\Controllers\Question))
#3 C:\xampp\htdocs\facultyEval\system\CodeIgniter.php(326): CodeIgniter\CodeIgniter->handleRequest(NULL, Object(Config\Cache), false)
#4 C:\xampp\htdocs\facultyEval\public\index.php(37): CodeIgniter\CodeIgniter->run()
#5 {main}
CRITICAL - 2022-05-03 22:28:04 --> Trying to access array offset on value of type null
#0 C:\xampp\htdocs\facultyEval\app\Controllers\Question.php(42): CodeIgniter\Debug\Exceptions->errorHandler(8, 'Trying to acces...', 'C:\\xampp\\htdocs...', 42, Array)
#1 C:\xampp\htdocs\facultyEval\system\CodeIgniter.php(832): App\Controllers\Question->save('js', 'ext-language_to...')
#2 C:\xampp\htdocs\facultyEval\system\CodeIgniter.php(419): CodeIgniter\CodeIgniter->runController(Object(App\Controllers\Question))
#3 C:\xampp\htdocs\facultyEval\system\CodeIgniter.php(326): CodeIgniter\CodeIgniter->handleRequest(NULL, Object(Config\Cache), false)
#4 C:\xampp\htdocs\facultyEval\public\index.php(37): CodeIgniter\CodeIgniter->run()
#5 {main}
CRITICAL - 2022-05-03 22:28:05 --> Trying to access array offset on value of type null
#0 C:\xampp\htdocs\facultyEval\app\Views\add-question.php(94): CodeIgniter\Debug\Exceptions->errorHandler(8, 'Trying to acces...', 'C:\\xampp\\htdocs...', 94, Array)
#1 C:\xampp\htdocs\facultyEval\system\View\View.php(210): include('C:\\xampp\\htdocs...')
#2 C:\xampp\htdocs\facultyEval\system\View\View.php(213): CodeIgniter\View\View->CodeIgniter\View\{closure}()
#3 C:\xampp\htdocs\facultyEval\system\Common.php(1089): CodeIgniter\View\View->render('add-question', Array, true)
#4 C:\xampp\htdocs\facultyEval\app\Controllers\Home.php(300): view('add-question', Array)
#5 C:\xampp\htdocs\facultyEval\system\CodeIgniter.php(832): App\Controllers\Home->managequestion('ace', 'src-noconflict', 'ace.js')
#6 C:\xampp\htdocs\facultyEval\system\CodeIgniter.php(419): CodeIgniter\CodeIgniter->runController(Object(App\Controllers\Home))
#7 C:\xampp\htdocs\facultyEval\system\CodeIgniter.php(326): CodeIgniter\CodeIgniter->handleRequest(NULL, Object(Config\Cache), false)
#8 C:\xampp\htdocs\facultyEval\public\index.php(37): CodeIgniter\CodeIgniter->run()
#9 {main}
CRITICAL - 2022-05-03 22:28:05 --> Trying to access array offset on value of type null
#0 C:\xampp\htdocs\facultyEval\app\Views\add-question.php(94): CodeIgniter\Debug\Exceptions->errorHandler(8, 'Trying to acces...', 'C:\\xampp\\htdocs...', 94, Array)
#1 C:\xampp\htdocs\facultyEval\system\View\View.php(210): include('C:\\xampp\\htdocs...')
#2 C:\xampp\htdocs\facultyEval\system\View\View.php(213): CodeIgniter\View\View->CodeIgniter\View\{closure}()
#3 C:\xampp\htdocs\facultyEval\system\Common.php(1089): CodeIgniter\View\View->render('add-question', Array, true)
#4 C:\xampp\htdocs\facultyEval\app\Controllers\Home.php(300): view('add-question', Array)
#5 C:\xampp\htdocs\facultyEval\system\CodeIgniter.php(832): App\Controllers\Home->managequestion('js', 'ext-language_to...')
#6 C:\xampp\htdocs\facultyEval\system\CodeIgniter.php(419): CodeIgniter\CodeIgniter->runController(Object(App\Controllers\Home))
#7 C:\xampp\htdocs\facultyEval\system\CodeIgniter.php(326): CodeIgniter\CodeIgniter->handleRequest(NULL, Object(Config\Cache), false)
#8 C:\xampp\htdocs\facultyEval\public\index.php(37): CodeIgniter\CodeIgniter->run()
#9 {main}
CRITICAL - 2022-05-03 22:28:07 --> Trying to access array offset on value of type null
#0 C:\xampp\htdocs\facultyEval\app\Views\add-question.php(94): CodeIgniter\Debug\Exceptions->errorHandler(8, 'Trying to acces...', 'C:\\xampp\\htdocs...', 94, Array)
#1 C:\xampp\htdocs\facultyEval\system\View\View.php(210): include('C:\\xampp\\htdocs...')
#2 C:\xampp\htdocs\facultyEval\system\View\View.php(213): CodeIgniter\View\View->CodeIgniter\View\{closure}()
#3 C:\xampp\htdocs\facultyEval\system\Common.php(1089): CodeIgniter\View\View->render('add-question', Array, true)
#4 C:\xampp\htdocs\facultyEval\app\Controllers\Home.php(300): view('add-question', Array)
#5 C:\xampp\htdocs\facultyEval\system\CodeIgniter.php(832): App\Controllers\Home->managequestion('js', 'ext-language_to...')
#6 C:\xampp\htdocs\facultyEval\system\CodeIgniter.php(419): CodeIgniter\CodeIgniter->runController(Object(App\Controllers\Home))
#7 C:\xampp\htdocs\facultyEval\system\CodeIgniter.php(326): CodeIgniter\CodeIgniter->handleRequest(NULL, Object(Config\Cache), false)
#8 C:\xampp\htdocs\facultyEval\public\index.php(37): CodeIgniter\CodeIgniter->run()
#9 {main}
CRITICAL - 2022-05-03 22:28:07 --> Trying to access array offset on value of type null
#0 C:\xampp\htdocs\facultyEval\app\Views\add-question.php(94): CodeIgniter\Debug\Exceptions->errorHandler(8, 'Trying to acces...', 'C:\\xampp\\htdocs...', 94, Array)
#1 C:\xampp\htdocs\facultyEval\system\View\View.php(210): include('C:\\xampp\\htdocs...')
#2 C:\xampp\htdocs\facultyEval\system\View\View.php(213): CodeIgniter\View\View->CodeIgniter\View\{closure}()
#3 C:\xampp\htdocs\facultyEval\system\Common.php(1089): CodeIgniter\View\View->render('add-question', Array, true)
#4 C:\xampp\htdocs\facultyEval\app\Controllers\Home.php(300): view('add-question', Array)
#5 C:\xampp\htdocs\facultyEval\system\CodeIgniter.php(832): App\Controllers\Home->managequestion('ace', 'src-noconflict', 'ace.js')
#6 C:\xampp\htdocs\facultyEval\system\CodeIgniter.php(419): CodeIgniter\CodeIgniter->runController(Object(App\Controllers\Home))
#7 C:\xampp\htdocs\facultyEval\system\CodeIgniter.php(326): CodeIgniter\CodeIgniter->handleRequest(NULL, Object(Config\Cache), false)
#8 C:\xampp\htdocs\facultyEval\public\index.php(37): CodeIgniter\CodeIgniter->run()
#9 {main}
CRITICAL - 2022-05-03 22:29:03 --> Trying to access array offset on value of type null
#0 C:\xampp\htdocs\facultyEval\app\Views\add-question.php(94): CodeIgniter\Debug\Exceptions->errorHandler(8, 'Trying to acces...', 'C:\\xampp\\htdocs...', 94, Array)
#1 C:\xampp\htdocs\facultyEval\system\View\View.php(210): include('C:\\xampp\\htdocs...')
#2 C:\xampp\htdocs\facultyEval\system\View\View.php(213): CodeIgniter\View\View->CodeIgniter\View\{closure}()
#3 C:\xampp\htdocs\facultyEval\system\Common.php(1089): CodeIgniter\View\View->render('add-question', Array, true)
#4 C:\xampp\htdocs\facultyEval\app\Controllers\Home.php(300): view('add-question', Array)
#5 C:\xampp\htdocs\facultyEval\system\CodeIgniter.php(832): App\Controllers\Home->managequestion('ace', 'src-noconflict', 'ace.js')
#6 C:\xampp\htdocs\facultyEval\system\CodeIgniter.php(419): CodeIgniter\CodeIgniter->runController(Object(App\Controllers\Home))
#7 C:\xampp\htdocs\facultyEval\system\CodeIgniter.php(326): CodeIgniter\CodeIgniter->handleRequest(NULL, Object(Config\Cache), false)
#8 C:\xampp\htdocs\facultyEval\public\index.php(37): CodeIgniter\CodeIgniter->run()
#9 {main}
CRITICAL - 2022-05-03 22:29:03 --> Trying to access array offset on value of type null
#0 C:\xampp\htdocs\facultyEval\app\Views\add-question.php(94): CodeIgniter\Debug\Exceptions->errorHandler(8, 'Trying to acces...', 'C:\\xampp\\htdocs...', 94, Array)
#1 C:\xampp\htdocs\facultyEval\system\View\View.php(210): include('C:\\xampp\\htdocs...')
#2 C:\xampp\htdocs\facultyEval\system\View\View.php(213): CodeIgniter\View\View->CodeIgniter\View\{closure}()
#3 C:\xampp\htdocs\facultyEval\system\Common.php(1089): CodeIgniter\View\View->render('add-question', Array, true)
#4 C:\xampp\htdocs\facultyEval\app\Controllers\Home.php(300): view('add-question', Array)
#5 C:\xampp\htdocs\facultyEval\system\CodeIgniter.php(832): App\Controllers\Home->managequestion('js', 'ext-language_to...')
#6 C:\xampp\htdocs\facultyEval\system\CodeIgniter.php(419): CodeIgniter\CodeIgniter->runController(Object(App\Controllers\Home))
#7 C:\xampp\htdocs\facultyEval\system\CodeIgniter.php(326): CodeIgniter\CodeIgniter->handleRequest(NULL, Object(Config\Cache), false)
#8 C:\xampp\htdocs\facultyEval\public\index.php(37): CodeIgniter\CodeIgniter->run()
#9 {main}
CRITICAL - 2022-05-03 23:24:55 --> Trying to access array offset on value of type null
#0 C:\xampp\htdocs\facultyEval\app\Views\add-question.php(94): CodeIgniter\Debug\Exceptions->errorHandler(8, 'Trying to acces...', 'C:\\xampp\\htdocs...', 94, Array)
#1 C:\xampp\htdocs\facultyEval\system\View\View.php(210): include('C:\\xampp\\htdocs...')
#2 C:\xampp\htdocs\facultyEval\system\View\View.php(213): CodeIgniter\View\View->CodeIgniter\View\{closure}()
#3 C:\xampp\htdocs\facultyEval\system\Common.php(1089): CodeIgniter\View\View->render('add-question', Array, true)
#4 C:\xampp\htdocs\facultyEval\app\Controllers\Home.php(300): view('add-question', Array)
#5 C:\xampp\htdocs\facultyEval\system\CodeIgniter.php(832): App\Controllers\Home->managequestion('ace', 'src-noconflict', 'ace.js')
#6 C:\xampp\htdocs\facultyEval\system\CodeIgniter.php(419): CodeIgniter\CodeIgniter->runController(Object(App\Controllers\Home))
#7 C:\xampp\htdocs\facultyEval\system\CodeIgniter.php(326): CodeIgniter\CodeIgniter->handleRequest(NULL, Object(Config\Cache), false)
#8 C:\xampp\htdocs\facultyEval\public\index.php(37): CodeIgniter\CodeIgniter->run()
#9 {main}
CRITICAL - 2022-05-03 23:24:55 --> Trying to access array offset on value of type null
#0 C:\xampp\htdocs\facultyEval\app\Views\add-question.php(94): CodeIgniter\Debug\Exceptions->errorHandler(8, 'Trying to acces...', 'C:\\xampp\\htdocs...', 94, Array)
#1 C:\xampp\htdocs\facultyEval\system\View\View.php(210): include('C:\\xampp\\htdocs...')
#2 C:\xampp\htdocs\facultyEval\system\View\View.php(213): CodeIgniter\View\View->CodeIgniter\View\{closure}()
#3 C:\xampp\htdocs\facultyEval\system\Common.php(1089): CodeIgniter\View\View->render('add-question', Array, true)
#4 C:\xampp\htdocs\facultyEval\app\Controllers\Home.php(300): view('add-question', Array)
#5 C:\xampp\htdocs\facultyEval\system\CodeIgniter.php(832): App\Controllers\Home->managequestion('js', 'ext-language_to...')
#6 C:\xampp\htdocs\facultyEval\system\CodeIgniter.php(419): CodeIgniter\CodeIgniter->runController(Object(App\Controllers\Home))
#7 C:\xampp\htdocs\facultyEval\system\CodeIgniter.php(326): CodeIgniter\CodeIgniter->handleRequest(NULL, Object(Config\Cache), false)
#8 C:\xampp\htdocs\facultyEval\public\index.php(37): CodeIgniter\CodeIgniter->run()
#9 {main}
CRITICAL - 2022-05-03 23:25:09 --> Trying to access array offset on value of type null
#0 C:\xampp\htdocs\facultyEval\app\Views\add-question.php(90): CodeIgniter\Debug\Exceptions->errorHandler(8, 'Trying to acces...', 'C:\\xampp\\htdocs...', 90, Array)
#1 C:\xampp\htdocs\facultyEval\system\View\View.php(210): include('C:\\xampp\\htdocs...')
#2 C:\xampp\htdocs\facultyEval\system\View\View.php(213): CodeIgniter\View\View->CodeIgniter\View\{closure}()
#3 C:\xampp\htdocs\facultyEval\system\Common.php(1089): CodeIgniter\View\View->render('add-question', Array, true)
#4 C:\xampp\htdocs\facultyEval\app\Controllers\Home.php(300): view('add-question', Array)
#5 C:\xampp\htdocs\facultyEval\system\CodeIgniter.php(832): App\Controllers\Home->managequestion('ace', 'src-noconflict', 'ace.js')
#6 C:\xampp\htdocs\facultyEval\system\CodeIgniter.php(419): CodeIgniter\CodeIgniter->runController(Object(App\Controllers\Home))
#7 C:\xampp\htdocs\facultyEval\system\CodeIgniter.php(326): CodeIgniter\CodeIgniter->handleRequest(NULL, Object(Config\Cache), false)
#8 C:\xampp\htdocs\facultyEval\public\index.php(37): CodeIgniter\CodeIgniter->run()
#9 {main}
CRITICAL - 2022-05-03 23:25:09 --> Trying to access array offset on value of type null
#0 C:\xampp\htdocs\facultyEval\app\Views\add-question.php(90): CodeIgniter\Debug\Exceptions->errorHandler(8, 'Trying to acces...', 'C:\\xampp\\htdocs...', 90, Array)
#1 C:\xampp\htdocs\facultyEval\system\View\View.php(210): include('C:\\xampp\\htdocs...')
#2 C:\xampp\htdocs\facultyEval\system\View\View.php(213): CodeIgniter\View\View->CodeIgniter\View\{closure}()
#3 C:\xampp\htdocs\facultyEval\system\Common.php(1089): CodeIgniter\View\View->render('add-question', Array, true)
#4 C:\xampp\htdocs\facultyEval\app\Controllers\Home.php(300): view('add-question', Array)
#5 C:\xampp\htdocs\facultyEval\system\CodeIgniter.php(832): App\Controllers\Home->managequestion('js', 'ext-language_to...')
#6 C:\xampp\htdocs\facultyEval\system\CodeIgniter.php(419): CodeIgniter\CodeIgniter->runController(Object(App\Controllers\Home))
#7 C:\xampp\htdocs\facultyEval\system\CodeIgniter.php(326): CodeIgniter\CodeIgniter->handleRequest(NULL, Object(Config\Cache), false)
#8 C:\xampp\htdocs\facultyEval\public\index.php(37): CodeIgniter\CodeIgniter->run()
#9 {main}
CRITICAL - 2022-05-03 23:25:29 --> Trying to access array offset on value of type null
#0 C:\xampp\htdocs\facultyEval\app\Views\add-question.php(90): CodeIgniter\Debug\Exceptions->errorHandler(8, 'Trying to acces...', 'C:\\xampp\\htdocs...', 90, Array)
#1 C:\xampp\htdocs\facultyEval\system\View\View.php(210): include('C:\\xampp\\htdocs...')
#2 C:\xampp\htdocs\facultyEval\system\View\View.php(213): CodeIgniter\View\View->CodeIgniter\View\{closure}()
#3 C:\xampp\htdocs\facultyEval\system\Common.php(1089): CodeIgniter\View\View->render('add-question', Array, true)
#4 C:\xampp\htdocs\facultyEval\app\Controllers\Home.php(300): view('add-question', Array)
#5 C:\xampp\htdocs\facultyEval\system\CodeIgniter.php(832): App\Controllers\Home->managequestion('js', 'ext-language_to...')
#6 C:\xampp\htdocs\facultyEval\system\CodeIgniter.php(419): CodeIgniter\CodeIgniter->runController(Object(App\Controllers\Home))
#7 C:\xampp\htdocs\facultyEval\system\CodeIgniter.php(326): CodeIgniter\CodeIgniter->handleRequest(NULL, Object(Config\Cache), false)
#8 C:\xampp\htdocs\facultyEval\public\index.php(37): CodeIgniter\CodeIgniter->run()
#9 {main}
CRITICAL - 2022-05-03 23:25:29 --> Trying to access array offset on value of type null
#0 C:\xampp\htdocs\facultyEval\app\Views\add-question.php(90): CodeIgniter\Debug\Exceptions->errorHandler(8, 'Trying to acces...', 'C:\\xampp\\htdocs...', 90, Array)
#1 C:\xampp\htdocs\facultyEval\system\View\View.php(210): include('C:\\xampp\\htdocs...')
#2 C:\xampp\htdocs\facultyEval\system\View\View.php(213): CodeIgniter\View\View->CodeIgniter\View\{closure}()
#3 C:\xampp\htdocs\facultyEval\system\Common.php(1089): CodeIgniter\View\View->render('add-question', Array, true)
#4 C:\xampp\htdocs\facultyEval\app\Controllers\Home.php(300): view('add-question', Array)
#5 C:\xampp\htdocs\facultyEval\system\CodeIgniter.php(832): App\Controllers\Home->managequestion('ace', 'src-noconflict', 'ace.js')
#6 C:\xampp\htdocs\facultyEval\system\CodeIgniter.php(419): CodeIgniter\CodeIgniter->runController(Object(App\Controllers\Home))
#7 C:\xampp\htdocs\facultyEval\system\CodeIgniter.php(326): CodeIgniter\CodeIgniter->handleRequest(NULL, Object(Config\Cache), false)
#8 C:\xampp\htdocs\facultyEval\public\index.php(37): CodeIgniter\CodeIgniter->run()
#9 {main}
CRITICAL - 2022-05-03 23:45:23 --> Trying to access array offset on value of type null
#0 C:\xampp\htdocs\facultyEval\app\Views\add-question.php(90): CodeIgniter\Debug\Exceptions->errorHandler(8, 'Trying to acces...', 'C:\\xampp\\htdocs...', 90, Array)
#1 C:\xampp\htdocs\facultyEval\system\View\View.php(210): include('C:\\xampp\\htdocs...')
#2 C:\xampp\htdocs\facultyEval\system\View\View.php(213): CodeIgniter\View\View->CodeIgniter\View\{closure}()
#3 C:\xampp\htdocs\facultyEval\system\Common.php(1089): CodeIgniter\View\View->render('add-question', Array, true)
#4 C:\xampp\htdocs\facultyEval\app\Controllers\Home.php(300): view('add-question', Array)
#5 C:\xampp\htdocs\facultyEval\system\CodeIgniter.php(832): App\Controllers\Home->managequestion('js', 'ext-language_to...')
#6 C:\xampp\htdocs\facultyEval\system\CodeIgniter.php(419): CodeIgniter\CodeIgniter->runController(Object(App\Controllers\Home))
#7 C:\xampp\htdocs\facultyEval\system\CodeIgniter.php(326): CodeIgniter\CodeIgniter->handleRequest(NULL, Object(Config\Cache), false)
#8 C:\xampp\htdocs\facultyEval\public\index.php(37): CodeIgniter\CodeIgniter->run()
#9 {main}
CRITICAL - 2022-05-03 23:45:23 --> Trying to access array offset on value of type null
#0 C:\xampp\htdocs\facultyEval\app\Views\add-question.php(90): CodeIgniter\Debug\Exceptions->errorHandler(8, 'Trying to acces...', 'C:\\xampp\\htdocs...', 90, Array)
#1 C:\xampp\htdocs\facultyEval\system\View\View.php(210): include('C:\\xampp\\htdocs...')
#2 C:\xampp\htdocs\facultyEval\system\View\View.php(213): CodeIgniter\View\View->CodeIgniter\View\{closure}()
#3 C:\xampp\htdocs\facultyEval\system\Common.php(1089): CodeIgniter\View\View->render('add-question', Array, true)
#4 C:\xampp\htdocs\facultyEval\app\Controllers\Home.php(300): view('add-question', Array)
#5 C:\xampp\htdocs\facultyEval\system\CodeIgniter.php(832): App\Controllers\Home->managequestion('ace', 'src-noconflict', 'ace.js')
#6 C:\xampp\htdocs\facultyEval\system\CodeIgniter.php(419): CodeIgniter\CodeIgniter->runController(Object(App\Controllers\Home))
#7 C:\xampp\htdocs\facultyEval\system\CodeIgniter.php(326): CodeIgniter\CodeIgniter->handleRequest(NULL, Object(Config\Cache), false)
#8 C:\xampp\htdocs\facultyEval\public\index.php(37): CodeIgniter\CodeIgniter->run()
#9 {main}
CRITICAL - 2022-05-03 23:45:25 --> Trying to access array offset on value of type null
#0 C:\xampp\htdocs\facultyEval\app\Views\add-question.php(90): CodeIgniter\Debug\Exceptions->errorHandler(8, 'Trying to acces...', 'C:\\xampp\\htdocs...', 90, Array)
#1 C:\xampp\htdocs\facultyEval\system\View\View.php(210): include('C:\\xampp\\htdocs...')
#2 C:\xampp\htdocs\facultyEval\system\View\View.php(213): CodeIgniter\View\View->CodeIgniter\View\{closure}()
#3 C:\xampp\htdocs\facultyEval\system\Common.php(1089): CodeIgniter\View\View->render('add-question', Array, true)
#4 C:\xampp\htdocs\facultyEval\app\Controllers\Home.php(300): view('add-question', Array)
#5 C:\xampp\htdocs\facultyEval\system\CodeIgniter.php(832): App\Controllers\Home->managequestion('js', 'ext-language_to...')
#6 C:\xampp\htdocs\facultyEval\system\CodeIgniter.php(419): CodeIgniter\CodeIgniter->runController(Object(App\Controllers\Home))
#7 C:\xampp\htdocs\facultyEval\system\CodeIgniter.php(326): CodeIgniter\CodeIgniter->handleRequest(NULL, Object(Config\Cache), false)
#8 C:\xampp\htdocs\facultyEval\public\index.php(37): CodeIgniter\CodeIgniter->run()
#9 {main}
CRITICAL - 2022-05-03 23:45:25 --> Trying to access array offset on value of type null
#0 C:\xampp\htdocs\facultyEval\app\Views\add-question.php(90): CodeIgniter\Debug\Exceptions->errorHandler(8, 'Trying to acces...', 'C:\\xampp\\htdocs...', 90, Array)
#1 C:\xampp\htdocs\facultyEval\system\View\View.php(210): include('C:\\xampp\\htdocs...')
#2 C:\xampp\htdocs\facultyEval\system\View\View.php(213): CodeIgniter\View\View->CodeIgniter\View\{closure}()
#3 C:\xampp\htdocs\facultyEval\system\Common.php(1089): CodeIgniter\View\View->render('add-question', Array, true)
#4 C:\xampp\htdocs\facultyEval\app\Controllers\Home.php(300): view('add-question', Array)
#5 C:\xampp\htdocs\facultyEval\system\CodeIgniter.php(832): App\Controllers\Home->managequestion('ace', 'src-noconflict', 'ace.js')
#6 C:\xampp\htdocs\facultyEval\system\CodeIgniter.php(419): CodeIgniter\CodeIgniter->runController(Object(App\Controllers\Home))
#7 C:\xampp\htdocs\facultyEval\system\CodeIgniter.php(326): CodeIgniter\CodeIgniter->handleRequest(NULL, Object(Config\Cache), false)
#8 C:\xampp\htdocs\facultyEval\public\index.php(37): CodeIgniter\CodeIgniter->run()
#9 {main}
