CRITICAL - 2022-05-16 21:22:28 --> Undefined variable: user
#0 C:\xampp\htdocs\facultyEval\app\Views\sidebar.php(267): CodeIgniter\Debug\Exceptions->errorHandler(8, 'Undefined varia...', 'C:\\xampp\\htdocs...', 267, Array)
#1 C:\xampp\htdocs\facultyEval\system\View\View.php(210): include('C:\\xampp\\htdocs...')
#2 C:\xampp\htdocs\facultyEval\system\View\View.php(213): CodeIgniter\View\View->CodeIgniter\View\{closure}()
#3 C:\xampp\htdocs\facultyEval\system\Common.php(1089): CodeIgniter\View\View->render('sidebar', Array, true)
#4 C:\xampp\htdocs\facultyEval\app\Controllers\Home.php(43): view('sidebar')
#5 C:\xampp\htdocs\facultyEval\system\CodeIgniter.php(832): App\Controllers\Home->addadmin()
#6 C:\xampp\htdocs\facultyEval\system\CodeIgniter.php(419): CodeIgniter\CodeIgniter->runController(Object(App\Controllers\Home))
#7 C:\xampp\htdocs\facultyEval\system\CodeIgniter.php(326): CodeIgniter\CodeIgniter->handleRequest(NULL, Object(Config\Cache), false)
#8 C:\xampp\htdocs\facultyEval\public\index.php(37): CodeIgniter\CodeIgniter->run()
#9 {main}
CRITICAL - 2022-05-16 21:22:44 --> Undefined variable: user
#0 C:\xampp\htdocs\facultyEval\app\Views\sidebar.php(267): CodeIgniter\Debug\Exceptions->errorHandler(8, 'Undefined varia...', 'C:\\xampp\\htdocs...', 267, Array)
#1 C:\xampp\htdocs\facultyEval\system\View\View.php(210): include('C:\\xampp\\htdocs...')
#2 C:\xampp\htdocs\facultyEval\system\View\View.php(213): CodeIgniter\View\View->CodeIgniter\View\{closure}()
#3 C:\xampp\htdocs\facultyEval\system\Common.php(1089): CodeIgniter\View\View->render('sidebar', Array, true)
#4 C:\xampp\htdocs\facultyEval\app\Controllers\Home.php(43): view('sidebar')
#5 C:\xampp\htdocs\facultyEval\system\CodeIgniter.php(832): App\Controllers\Home->addadmin()
#6 C:\xampp\htdocs\facultyEval\system\CodeIgniter.php(419): CodeIgniter\CodeIgniter->runController(Object(App\Controllers\Home))
#7 C:\xampp\htdocs\facultyEval\system\CodeIgniter.php(326): CodeIgniter\CodeIgniter->handleRequest(NULL, Object(Config\Cache), false)
#8 C:\xampp\htdocs\facultyEval\public\index.php(37): CodeIgniter\CodeIgniter->run()
#9 {main}
CRITICAL - 2022-05-16 21:23:56 --> Undefined variable: user
#0 C:\xampp\htdocs\facultyEval\app\Views\sidebar.php(267): CodeIgniter\Debug\Exceptions->errorHandler(8, 'Undefined varia...', 'C:\\xampp\\htdocs...', 267, Array)
#1 C:\xampp\htdocs\facultyEval\system\View\View.php(210): include('C:\\xampp\\htdocs...')
#2 C:\xampp\htdocs\facultyEval\system\View\View.php(213): CodeIgniter\View\View->CodeIgniter\View\{closure}()
#3 C:\xampp\htdocs\facultyEval\system\Common.php(1089): CodeIgniter\View\View->render('sidebar', Array, true)
#4 C:\xampp\htdocs\facultyEval\app\Controllers\Home.php(434): view('sidebar')
#5 C:\xampp\htdocs\facultyEval\system\CodeIgniter.php(832): App\Controllers\Home->profile()
#6 C:\xampp\htdocs\facultyEval\system\CodeIgniter.php(419): CodeIgniter\CodeIgniter->runController(Object(App\Controllers\Home))
#7 C:\xampp\htdocs\facultyEval\system\CodeIgniter.php(326): CodeIgniter\CodeIgniter->handleRequest(NULL, Object(Config\Cache), false)
#8 C:\xampp\htdocs\facultyEval\public\index.php(37): CodeIgniter\CodeIgniter->run()
#9 {main}
CRITICAL - 2022-05-16 21:24:03 --> Undefined variable: user
#0 C:\xampp\htdocs\facultyEval\app\Views\sidebar.php(267): CodeIgniter\Debug\Exceptions->errorHandler(8, 'Undefined varia...', 'C:\\xampp\\htdocs...', 267, Array)
#1 C:\xampp\htdocs\facultyEval\system\View\View.php(210): include('C:\\xampp\\htdocs...')
#2 C:\xampp\htdocs\facultyEval\system\View\View.php(213): CodeIgniter\View\View->CodeIgniter\View\{closure}()
#3 C:\xampp\htdocs\facultyEval\system\Common.php(1089): CodeIgniter\View\View->render('sidebar', Array, true)
#4 C:\xampp\htdocs\facultyEval\app\Controllers\Home.php(43): view('sidebar')
#5 C:\xampp\htdocs\facultyEval\system\CodeIgniter.php(832): App\Controllers\Home->addadmin()
#6 C:\xampp\htdocs\facultyEval\system\CodeIgniter.php(419): CodeIgniter\CodeIgniter->runController(Object(App\Controllers\Home))
#7 C:\xampp\htdocs\facultyEval\system\CodeIgniter.php(326): CodeIgniter\CodeIgniter->handleRequest(NULL, Object(Config\Cache), false)
#8 C:\xampp\htdocs\facultyEval\public\index.php(37): CodeIgniter\CodeIgniter->run()
#9 {main}
CRITICAL - 2022-05-16 21:25:30 --> Undefined variable: user
#0 C:\xampp\htdocs\facultyEval\app\Views\sidebar.php(267): CodeIgniter\Debug\Exceptions->errorHandler(8, 'Undefined varia...', 'C:\\xampp\\htdocs...', 267, Array)
#1 C:\xampp\htdocs\facultyEval\system\View\View.php(210): include('C:\\xampp\\htdocs...')
#2 C:\xampp\htdocs\facultyEval\system\View\View.php(213): CodeIgniter\View\View->CodeIgniter\View\{closure}()
#3 C:\xampp\htdocs\facultyEval\system\Common.php(1089): CodeIgniter\View\View->render('sidebar', Array, true)
#4 C:\xampp\htdocs\facultyEval\app\Controllers\Home.php(70): view('sidebar')
#5 C:\xampp\htdocs\facultyEval\system\CodeIgniter.php(832): App\Controllers\Home->faculty()
#6 C:\xampp\htdocs\facultyEval\system\CodeIgniter.php(419): CodeIgniter\CodeIgniter->runController(Object(App\Controllers\Home))
#7 C:\xampp\htdocs\facultyEval\system\CodeIgniter.php(326): CodeIgniter\CodeIgniter->handleRequest(NULL, Object(Config\Cache), false)
#8 C:\xampp\htdocs\facultyEval\public\index.php(37): CodeIgniter\CodeIgniter->run()
#9 {main}
CRITICAL - 2022-05-16 22:44:27 --> Undefined variable: adminModel
#0 C:\xampp\htdocs\facultyEval\app\Controllers\Home.php(33): CodeIgniter\Debug\Exceptions->errorHandler(8, 'Undefined varia...', 'C:\\xampp\\htdocs...', 33, Array)
#1 C:\xampp\htdocs\facultyEval\system\CodeIgniter.php(832): App\Controllers\Home->addfaculty()
#2 C:\xampp\htdocs\facultyEval\system\CodeIgniter.php(419): CodeIgniter\CodeIgniter->runController(Object(App\Controllers\Home))
#3 C:\xampp\htdocs\facultyEval\system\CodeIgniter.php(326): CodeIgniter\CodeIgniter->handleRequest(NULL, Object(Config\Cache), false)
#4 C:\xampp\htdocs\facultyEval\public\index.php(37): CodeIgniter\CodeIgniter->run()
#5 {main}
CRITICAL - 2022-05-16 22:44:35 --> Undefined variable: adminModel
#0 C:\xampp\htdocs\facultyEval\app\Controllers\Home.php(76): CodeIgniter\Debug\Exceptions->errorHandler(8, 'Undefined varia...', 'C:\\xampp\\htdocs...', 76, Array)
#1 C:\xampp\htdocs\facultyEval\system\CodeIgniter.php(832): App\Controllers\Home->admin()
#2 C:\xampp\htdocs\facultyEval\system\CodeIgniter.php(419): CodeIgniter\CodeIgniter->runController(Object(App\Controllers\Home))
#3 C:\xampp\htdocs\facultyEval\system\CodeIgniter.php(326): CodeIgniter\CodeIgniter->handleRequest(NULL, Object(Config\Cache), false)
#4 C:\xampp\htdocs\facultyEval\public\index.php(37): CodeIgniter\CodeIgniter->run()
#5 {main}
CRITICAL - 2022-05-16 22:44:59 --> Undefined variable: adminModel
#0 C:\xampp\htdocs\facultyEval\app\Controllers\Home.php(33): CodeIgniter\Debug\Exceptions->errorHandler(8, 'Undefined varia...', 'C:\\xampp\\htdocs...', 33, Array)
#1 C:\xampp\htdocs\facultyEval\system\CodeIgniter.php(832): App\Controllers\Home->addfaculty()
#2 C:\xampp\htdocs\facultyEval\system\CodeIgniter.php(419): CodeIgniter\CodeIgniter->runController(Object(App\Controllers\Home))
#3 C:\xampp\htdocs\facultyEval\system\CodeIgniter.php(326): CodeIgniter\CodeIgniter->handleRequest(NULL, Object(Config\Cache), false)
#4 C:\xampp\htdocs\facultyEval\public\index.php(37): CodeIgniter\CodeIgniter->run()
#5 {main}
CRITICAL - 2022-05-16 22:45:08 --> Undefined variable: data
#0 C:\xampp\htdocs\facultyEval\app\Controllers\Home.php(36): CodeIgniter\Debug\Exceptions->errorHandler(8, 'Undefined varia...', 'C:\\xampp\\htdocs...', 36, Array)
#1 C:\xampp\htdocs\facultyEval\system\CodeIgniter.php(832): App\Controllers\Home->addfaculty()
#2 C:\xampp\htdocs\facultyEval\system\CodeIgniter.php(419): CodeIgniter\CodeIgniter->runController(Object(App\Controllers\Home))
#3 C:\xampp\htdocs\facultyEval\system\CodeIgniter.php(326): CodeIgniter\CodeIgniter->handleRequest(NULL, Object(Config\Cache), false)
#4 C:\xampp\htdocs\facultyEval\public\index.php(37): CodeIgniter\CodeIgniter->run()
#5 {main}
CRITICAL - 2022-05-16 22:45:09 --> Undefined variable: data
#0 C:\xampp\htdocs\facultyEval\app\Controllers\Home.php(36): CodeIgniter\Debug\Exceptions->errorHandler(8, 'Undefined varia...', 'C:\\xampp\\htdocs...', 36, Array)
#1 C:\xampp\htdocs\facultyEval\system\CodeIgniter.php(832): App\Controllers\Home->addfaculty()
#2 C:\xampp\htdocs\facultyEval\system\CodeIgniter.php(419): CodeIgniter\CodeIgniter->runController(Object(App\Controllers\Home))
#3 C:\xampp\htdocs\facultyEval\system\CodeIgniter.php(326): CodeIgniter\CodeIgniter->handleRequest(NULL, Object(Config\Cache), false)
#4 C:\xampp\htdocs\facultyEval\public\index.php(37): CodeIgniter\CodeIgniter->run()
#5 {main}
